[ 2015-12-21T09:18:36+08:00 ] 127.0.0.1 /favicon.ico
INFO: [ app_init ] --START--
INFO: Run Behavior\BuildLiteBehavior [ RunTime:0.001000s ]
INFO: [ app_init ] --END-- [ RunTime:0.001000s ]
ERR: 无法加载模块:Favicon

[ 2015-12-21T09:18:36+08:00 ] 127.0.0.1 /favicon.ico
INFO: [ app_init ] --START--
INFO: Run Behavior\BuildLiteBehavior [ RunTime:0.000000s ]
INFO: [ app_init ] --END-- [ RunTime:0.000000s ]
ERR: 无法加载模块:Favicon

[ 2015-12-21T09:19:44+08:00 ] 127.0.0.1 /Public/blogadmin/css/adminstyle.css
INFO: [ app_init ] --START--
INFO: Run Behavior\BuildLiteBehavior [ RunTime:0.001000s ]
INFO: [ app_init ] --END-- [ RunTime:0.002000s ]
ERR: 无法加载模块:Public

[ 2015-12-21T09:19:51+08:00 ] 127.0.0.1 /newblog/Public/blogadmin/js/bootstrap.min.js
INFO: [ app_init ] --START--
INFO: Run Behavior\BuildLiteBehavior [ RunTime:0.000000s ]
INFO: [ app_init ] --END-- [ RunTime:0.000000s ]
ERR: 无法加载模块:Newblog

[ 2015-12-21T09:19:51+08:00 ] 127.0.0.1 /newblog/Public/blogadmin/js/jquery.slimscroll.min.js
INFO: [ app_init ] --START--
INFO: Run Behavior\BuildLiteBehavior [ RunTime:0.000000s ]
INFO: [ app_init ] --END-- [ RunTime:0.000000s ]
ERR: 无法加载模块:Newblog

[ 2015-12-21T09:19:51+08:00 ] 127.0.0.1 /newblog/Public/blogadmin/js/jquery.sparkline.min.js
INFO: [ app_init ] --START--
INFO: Run Behavior\BuildLiteBehavior [ RunTime:0.000000s ]
INFO: [ app_init ] --END-- [ RunTime:0.001000s ]
ERR: 无法加载模块:Newblog

[ 2015-12-21T09:19:51+08:00 ] 127.0.0.1 /newblog/Public/blogadmin/js/typeahead-bs2.min.js
INFO: [ app_init ] --START--
INFO: Run Behavior\BuildLiteBehavior [ RunTime:0.000000s ]
INFO: [ app_init ] --END-- [ RunTime:0.002001s ]
ERR: 无法加载模块:Newblog

[ 2015-12-21T09:19:51+08:00 ] 127.0.0.1 /newblog/Public/blogadmin/js/jquery.min.js
INFO: [ app_init ] --START--
INFO: Run Behavior\BuildLiteBehavior [ RunTime:0.000000s ]
INFO: [ app_init ] --END-- [ RunTime:0.004000s ]
ERR: 无法加载模块:Newblog

[ 2015-12-21T09:19:51+08:00 ] 127.0.0.1 /newblog/Public/blogadmin/js/jquery.easy-pie-chart.min.js
INFO: [ app_init ] --START--
INFO: Run Behavior\BuildLiteBehavior [ RunTime:0.000000s ]
INFO: [ app_init ] --END-- [ RunTime:0.013001s ]
ERR: 无法加载模块:Newblog

[ 2015-12-21T09:19:51+08:00 ] 127.0.0.1 /newblog/Public/blogadmin/js/flot/jquery.flot.min.js
INFO: [ app_init ] --START--
INFO: Run Behavior\BuildLiteBehavior [ RunTime:0.000000s ]
INFO: [ app_init ] --END-- [ RunTime:0.003001s ]
ERR: 无法加载模块:Newblog

[ 2015-12-21T09:19:51+08:00 ] 127.0.0.1 /newblog/Public/blogadmin/js/flot/jquery.flot.pie.min.js
INFO: [ app_init ] --START--
INFO: Run Behavior\BuildLiteBehavior [ RunTime:0.000000s ]
INFO: [ app_init ] --END-- [ RunTime:0.004000s ]
ERR: 无法加载模块:Newblog

[ 2015-12-21T09:19:51+08:00 ] 127.0.0.1 /newblog/Public/blogadmin/js/jquery.ui.touch-punch.min.js
INFO: [ app_init ] --START--
INFO: Run Behavior\BuildLiteBehavior [ RunTime:0.000000s ]
INFO: [ app_init ] --END-- [ RunTime:0.006000s ]
ERR: 无法加载模块:Newblog

[ 2015-12-21T09:19:51+08:00 ] 127.0.0.1 /newblog/Public/blogadmin/js/flot/jquery.flot.resize.min.js
INFO: [ app_init ] --START--
INFO: Run Behavior\BuildLiteBehavior [ RunTime:0.000000s ]
INFO: [ app_init ] --END-- [ RunTime:0.008000s ]
ERR: 无法加载模块:Newblog

[ 2015-12-21T09:19:51+08:00 ] 127.0.0.1 /newblog/Public/blogadmin/js/ace-elements.min.js
INFO: [ app_init ] --START--
INFO: Run Behavior\BuildLiteBehavior [ RunTime:0.000000s ]
INFO: [ app_init ] --END-- [ RunTime:0.000000s ]
ERR: 无法加载模块:Newblog

[ 2015-12-21T09:19:51+08:00 ] 127.0.0.1 /newblog/Public/blogadmin/js/ace.min.js
INFO: [ app_init ] --START--
INFO: Run Behavior\BuildLiteBehavior [ RunTime:0.000000s ]
INFO: [ app_init ] --END-- [ RunTime:0.001000s ]
ERR: 无法加载模块:Newblog

[ 2015-12-21T09:19:51+08:00 ] 127.0.0.1 /newblog/Public/blogadmin/js/jquery-ui-1.10.3.custom.min.js
INFO: [ app_init ] --START--
INFO: Run Behavior\BuildLiteBehavior [ RunTime:0.000000s ]
INFO: [ app_init ] --END-- [ RunTime:0.000000s ]
ERR: 无法加载模块:Newblog

[ 2015-12-21T09:19:51+08:00 ] 127.0.0.1 /newblog/Public/blogadmin/js/jquery-2.0.3.min.js
INFO: [ app_init ] --START--
INFO: Run Behavior\BuildLiteBehavior [ RunTime:0.000000s ]
INFO: [ app_init ] --END-- [ RunTime:0.001000s ]
ERR: 无法加载模块:Newblog

[ 2015-12-21T09:19:51+08:00 ] 127.0.0.1 /newblog/Public/blogadmin/js/bootstrap.min.js
INFO: [ app_init ] --START--
INFO: Run Behavior\BuildLiteBehavior [ RunTime:0.000000s ]
INFO: [ app_init ] --END-- [ RunTime:0.000000s ]
ERR: 无法加载模块:Newblog

[ 2015-12-21T09:19:51+08:00 ] 127.0.0.1 /newblog/Public/blogadmin/js/typeahead-bs2.min.js
INFO: [ app_init ] --START--
INFO: Run Behavior\BuildLiteBehavior [ RunTime:0.000000s ]
INFO: [ app_init ] --END-- [ RunTime:0.001000s ]
ERR: 无法加载模块:Newblog

[ 2015-12-21T09:19:51+08:00 ] 127.0.0.1 /newblog/Public/blogadmin/js/jquery-ui-1.10.3.custom.min.js
INFO: [ app_init ] --START--
INFO: Run Behavior\BuildLiteBehavior [ RunTime:0.000000s ]
INFO: [ app_init ] --END-- [ RunTime:0.001000s ]
ERR: 无法加载模块:Newblog

[ 2015-12-21T09:19:51+08:00 ] 127.0.0.1 /newblog/Public/blogadmin/js/jquery.ui.touch-punch.min.js
INFO: [ app_init ] --START--
INFO: Run Behavior\BuildLiteBehavior [ RunTime:0.000000s ]
INFO: [ app_init ] --END-- [ RunTime:0.001000s ]
ERR: 无法加载模块:Newblog

[ 2015-12-21T09:19:51+08:00 ] 127.0.0.1 /newblog/Public/blogadmin/js/jquery.slimscroll.min.js
INFO: [ app_init ] --START--
INFO: Run Behavior\BuildLiteBehavior [ RunTime:0.000000s ]
INFO: [ app_init ] --END-- [ RunTime:0.001000s ]
ERR: 无法加载模块:Newblog

[ 2015-12-21T09:19:51+08:00 ] 127.0.0.1 /newblog/Public/blogadmin/js/jquery.easy-pie-chart.min.js
INFO: [ app_init ] --START--
INFO: Run Behavior\BuildLiteBehavior [ RunTime:0.000000s ]
INFO: [ app_init ] --END-- [ RunTime:0.000000s ]
ERR: 无法加载模块:Newblog

[ 2015-12-21T09:19:51+08:00 ] 127.0.0.1 /newblog/Public/blogadmin/js/jquery.sparkline.min.js
INFO: [ app_init ] --START--
INFO: Run Behavior\BuildLiteBehavior [ RunTime:0.000000s ]
INFO: [ app_init ] --END-- [ RunTime:0.001000s ]
ERR: 无法加载模块:Newblog

[ 2015-12-21T09:19:51+08:00 ] 127.0.0.1 /newblog/Public/blogadmin/js/flot/jquery.flot.min.js
INFO: [ app_init ] --START--
INFO: Run Behavior\BuildLiteBehavior [ RunTime:0.001000s ]
INFO: [ app_init ] --END-- [ RunTime:0.001000s ]
ERR: 无法加载模块:Newblog

[ 2015-12-21T09:19:51+08:00 ] 127.0.0.1 /newblog/Public/blogadmin/js/flot/jquery.flot.pie.min.js
INFO: [ app_init ] --START--
INFO: Run Behavior\BuildLiteBehavior [ RunTime:0.000000s ]
INFO: [ app_init ] --END-- [ RunTime:0.000000s ]
ERR: 无法加载模块:Newblog

[ 2015-12-21T09:19:51+08:00 ] 127.0.0.1 /newblog/Public/blogadmin/js/flot/jquery.flot.resize.min.js
INFO: [ app_init ] --START--
INFO: Run Behavior\BuildLiteBehavior [ RunTime:0.000000s ]
INFO: [ app_init ] --END-- [ RunTime:0.001000s ]
ERR: 无法加载模块:Newblog

[ 2015-12-21T09:19:51+08:00 ] 127.0.0.1 /newblog/Public/blogadmin/js/ace-elements.min.js
INFO: [ app_init ] --START--
INFO: Run Behavior\BuildLiteBehavior [ RunTime:0.000000s ]
INFO: [ app_init ] --END-- [ RunTime:0.001000s ]
ERR: 无法加载模块:Newblog

[ 2015-12-21T09:19:51+08:00 ] 127.0.0.1 /newblog/Public/blogadmin/js/ace.min.js
INFO: [ app_init ] --START--
INFO: Run Behavior\BuildLiteBehavior [ RunTime:0.000000s ]
INFO: [ app_init ] --END-- [ RunTime:0.001000s ]
ERR: 无法加载模块:Newblog

[ 2015-12-21T09:37:49+08:00 ] 127.0.0.1 /uploadfiles/images/2015-12-18/thumb_5673b75e60bb1.jpg
INFO: [ app_init ] --START--
INFO: Run Behavior\BuildLiteBehavior [ RunTime:0.000000s ]
INFO: [ app_init ] --END-- [ RunTime:0.001000s ]
ERR: 无法加载模块:Uploadfiles

[ 2015-12-21T09:37:49+08:00 ] 127.0.0.1 /uploadfiles/images/2015-12-18/thumb_5673bee8f1e94.jpg
INFO: [ app_init ] --START--
INFO: Run Behavior\BuildLiteBehavior [ RunTime:0.000000s ]
INFO: [ app_init ] --END-- [ RunTime:0.000000s ]
ERR: 无法加载模块:Uploadfiles

[ 2015-12-21T09:37:49+08:00 ] 127.0.0.1 /uploadfiles/images/2015-12-18/thumb_5673bcfe4b05a.jpg
INFO: [ app_init ] --START--
INFO: Run Behavior\BuildLiteBehavior [ RunTime:0.000000s ]
INFO: [ app_init ] --END-- [ RunTime:0.000000s ]
ERR: 无法加载模块:Uploadfiles

[ 2015-12-21T09:37:49+08:00 ] 127.0.0.1 /uploadfiles/images/2015-12-18/thumb_5673bdd6d1f72.jpg
INFO: [ app_init ] --START--
INFO: Run Behavior\BuildLiteBehavior [ RunTime:0.000000s ]
INFO: [ app_init ] --END-- [ RunTime:0.011000s ]
ERR: 无法加载模块:Uploadfiles

[ 2015-12-21T09:37:49+08:00 ] 127.0.0.1 /uploadfiles/images/2015-12-18/thumb_5673bdbdcc81f.jpg
INFO: [ app_init ] --START--
INFO: Run Behavior\BuildLiteBehavior [ RunTime:0.000000s ]
INFO: [ app_init ] --END-- [ RunTime:0.012001s ]
ERR: 无法加载模块:Uploadfiles

[ 2015-12-21T09:37:49+08:00 ] 127.0.0.1 /uploadfiles/images/2015-12-18/thumb_5673bd869a794.jpg
INFO: [ app_init ] --START--
INFO: Run Behavior\BuildLiteBehavior [ RunTime:0.000000s ]
INFO: [ app_init ] --END-- [ RunTime:0.001000s ]
ERR: 无法加载模块:Uploadfiles

[ 2015-12-21T09:37:49+08:00 ] 127.0.0.1 /uploadfiles/images/2015-12-18/thumb_5673bb7d9bcb2.jpg
INFO: [ app_init ] --START--
INFO: Run Behavior\BuildLiteBehavior [ RunTime:0.000000s ]
INFO: [ app_init ] --END-- [ RunTime:0.001000s ]
ERR: 无法加载模块:Uploadfiles

[ 2015-12-21T09:37:49+08:00 ] 127.0.0.1 /uploadfiles/images/2015-12-18/thumb_5673bb4033553.jpg
INFO: [ app_init ] --START--
INFO: Run Behavior\BuildLiteBehavior [ RunTime:0.000000s ]
INFO: [ app_init ] --END-- [ RunTime:0.006001s ]
ERR: 无法加载模块:Uploadfiles

[ 2015-12-21T09:37:49+08:00 ] 127.0.0.1 /uploadfiles/images/2015-12-18/thumb_5673bcc5a42ae.jpg
INFO: [ app_init ] --START--
INFO: Run Behavior\BuildLiteBehavior [ RunTime:0.000000s ]
INFO: [ app_init ] --END-- [ RunTime:0.007000s ]
ERR: 无法加载模块:Uploadfiles

[ 2015-12-21T09:37:49+08:00 ] 127.0.0.1 /uploadfiles/images/2015-12-18/thumb_5673bafa75f0e.jpg
INFO: [ app_init ] --START--
INFO: Run Behavior\BuildLiteBehavior [ RunTime:0.000000s ]
INFO: [ app_init ] --END-- [ RunTime:0.008000s ]
ERR: 无法加载模块:Uploadfiles

[ 2015-12-21T09:37:49+08:00 ] 127.0.0.1 /uploadfiles/images/2015-12-18/thumb_5673b88ba0b03.jpg
INFO: [ app_init ] --START--
INFO: Run Behavior\BuildLiteBehavior [ RunTime:0.000000s ]
INFO: [ app_init ] --END-- [ RunTime:0.001000s ]
ERR: 无法加载模块:Uploadfiles

[ 2015-12-21T09:37:49+08:00 ] 127.0.0.1 /uploadfiles/images/2015-12-18/thumb_5673b7aa04cbb.jpg
INFO: [ app_init ] --START--
INFO: Run Behavior\BuildLiteBehavior [ RunTime:0.000000s ]
INFO: [ app_init ] --END-- [ RunTime:0.000000s ]
ERR: 无法加载模块:Uploadfiles

[ 2015-12-21T09:37:49+08:00 ] 127.0.0.1 /uploadfiles/images/2015-12-18/thumb_5673b8cfb572d.jpg
INFO: [ app_init ] --START--
INFO: Run Behavior\BuildLiteBehavior [ RunTime:0.000000s ]
INFO: [ app_init ] --END-- [ RunTime:0.001001s ]
ERR: 无法加载模块:Uploadfiles

[ 2015-12-21T09:37:49+08:00 ] 127.0.0.1 /uploadfiles/images/2015-12-18/thumb_5673b97b576be.jpg
INFO: [ app_init ] --START--
INFO: Run Behavior\BuildLiteBehavior [ RunTime:0.000000s ]
INFO: [ app_init ] --END-- [ RunTime:0.001000s ]
ERR: 无法加载模块:Uploadfiles

[ 2015-12-21T09:37:50+08:00 ] 127.0.0.1 /uploadfiles/images/2015-12-18/thumb_5673bee8f1e94.jpg
INFO: [ app_init ] --START--
INFO: Run Behavior\BuildLiteBehavior [ RunTime:0.000000s ]
INFO: [ app_init ] --END-- [ RunTime:0.001000s ]
ERR: 无法加载模块:Uploadfiles

[ 2015-12-21T09:37:50+08:00 ] 127.0.0.1 /uploadfiles/images/2015-12-18/thumb_5673bd869a794.jpg
INFO: [ app_init ] --START--
INFO: Run Behavior\BuildLiteBehavior [ RunTime:0.000000s ]
INFO: [ app_init ] --END-- [ RunTime:0.003000s ]
ERR: 无法加载模块:Uploadfiles

[ 2015-12-21T09:37:50+08:00 ] 127.0.0.1 /uploadfiles/images/2015-12-18/thumb_5673bcc5a42ae.jpg
INFO: [ app_init ] --START--
INFO: Run Behavior\BuildLiteBehavior [ RunTime:0.001000s ]
INFO: [ app_init ] --END-- [ RunTime:0.002000s ]
ERR: 无法加载模块:Uploadfiles

[ 2015-12-21T09:37:50+08:00 ] 127.0.0.1 /uploadfiles/images/2015-12-18/thumb_5673bdd6d1f72.jpg
INFO: [ app_init ] --START--
INFO: Run Behavior\BuildLiteBehavior [ RunTime:0.000000s ]
INFO: [ app_init ] --END-- [ RunTime:0.006000s ]
ERR: 无法加载模块:Uploadfiles

[ 2015-12-21T09:37:50+08:00 ] 127.0.0.1 /uploadfiles/images/2015-12-18/thumb_5673bb4033553.jpg
INFO: [ app_init ] --START--
INFO: Run Behavior\BuildLiteBehavior [ RunTime:0.000000s ]
INFO: [ app_init ] --END-- [ RunTime:0.005000s ]
ERR: 无法加载模块:Uploadfiles

[ 2015-12-21T09:37:50+08:00 ] 127.0.0.1 /uploadfiles/images/2015-12-18/thumb_5673b97b576be.jpg
INFO: [ app_init ] --START--
INFO: Run Behavior\BuildLiteBehavior [ RunTime:0.000000s ]
INFO: [ app_init ] --END-- [ RunTime:0.001000s ]
ERR: 无法加载模块:Uploadfiles

[ 2015-12-21T09:37:50+08:00 ] 127.0.0.1 /uploadfiles/images/2015-12-18/thumb_5673bcfe4b05a.jpg
INFO: [ app_init ] --START--
INFO: Run Behavior\BuildLiteBehavior [ RunTime:0.000000s ]
INFO: [ app_init ] --END-- [ RunTime:0.001000s ]
ERR: 无法加载模块:Uploadfiles

[ 2015-12-21T09:37:50+08:00 ] 127.0.0.1 /uploadfiles/images/2015-12-18/thumb_5673bb7d9bcb2.jpg
INFO: [ app_init ] --START--
INFO: Run Behavior\BuildLiteBehavior [ RunTime:0.000000s ]
INFO: [ app_init ] --END-- [ RunTime:0.002001s ]
ERR: 无法加载模块:Uploadfiles

[ 2015-12-21T09:37:50+08:00 ] 127.0.0.1 /uploadfiles/images/2015-12-18/thumb_5673bafa75f0e.jpg
INFO: [ app_init ] --START--
INFO: Run Behavior\BuildLiteBehavior [ RunTime:0.000000s ]
INFO: [ app_init ] --END-- [ RunTime:0.003001s ]
ERR: 无法加载模块:Uploadfiles

[ 2015-12-21T09:37:50+08:00 ] 127.0.0.1 /uploadfiles/images/2015-12-18/thumb_5673bdbdcc81f.jpg
INFO: [ app_init ] --START--
INFO: Run Behavior\BuildLiteBehavior [ RunTime:0.000000s ]
INFO: [ app_init ] --END-- [ RunTime:0.006000s ]
ERR: 无法加载模块:Uploadfiles

[ 2015-12-21T09:37:50+08:00 ] 127.0.0.1 /uploadfiles/images/2015-12-18/thumb_5673b8cfb572d.jpg
INFO: [ app_init ] --START--
INFO: Run Behavior\BuildLiteBehavior [ RunTime:0.000000s ]
INFO: [ app_init ] --END-- [ RunTime:0.002000s ]
ERR: 无法加载模块:Uploadfiles

[ 2015-12-21T09:37:50+08:00 ] 127.0.0.1 /uploadfiles/images/2015-12-18/thumb_5673b88ba0b03.jpg
INFO: [ app_init ] --START--
INFO: Run Behavior\BuildLiteBehavior [ RunTime:0.000000s ]
INFO: [ app_init ] --END-- [ RunTime:0.000000s ]
ERR: 无法加载模块:Uploadfiles

[ 2015-12-21T09:37:50+08:00 ] 127.0.0.1 /uploadfiles/images/2015-12-18/thumb_5673b7aa04cbb.jpg
INFO: [ app_init ] --START--
INFO: Run Behavior\BuildLiteBehavior [ RunTime:0.000000s ]
INFO: [ app_init ] --END-- [ RunTime:0.000000s ]
ERR: 无法加载模块:Uploadfiles

[ 2015-12-21T09:37:50+08:00 ] 127.0.0.1 /uploadfiles/images/2015-12-18/thumb_5673b75e60bb1.jpg
INFO: [ app_init ] --START--
INFO: Run Behavior\BuildLiteBehavior [ RunTime:0.000000s ]
INFO: [ app_init ] --END-- [ RunTime:0.001000s ]
ERR: 无法加载模块:Uploadfiles

[ 2015-12-21T09:37:55+08:00 ] 127.0.0.1 /uploadfiles/images/2015-12-18/thumb_5673bee8f1e94.jpg
INFO: [ app_init ] --START--
INFO: Run Behavior\BuildLiteBehavior [ RunTime:0.000000s ]
INFO: [ app_init ] --END-- [ RunTime:0.000000s ]
ERR: 无法加载模块:Uploadfiles

[ 2015-12-21T09:37:56+08:00 ] 127.0.0.1 /uploadfiles/images/2015-12-18/thumb_5673bee8f1e94.jpg
INFO: [ app_init ] --START--
INFO: Run Behavior\BuildLiteBehavior [ RunTime:0.000000s ]
INFO: [ app_init ] --END-- [ RunTime:0.000000s ]
ERR: 无法加载模块:Uploadfiles

[ 2015-12-21T09:37:56+08:00 ] 127.0.0.1 /uploadfiles/images/2015-12-18/thumb_5673bdd6d1f72.jpg
INFO: [ app_init ] --START--
INFO: Run Behavior\BuildLiteBehavior [ RunTime:0.000000s ]
INFO: [ app_init ] --END-- [ RunTime:0.000000s ]
ERR: 无法加载模块:Uploadfiles

[ 2015-12-21T09:38:08+08:00 ] 127.0.0.1 /uploadfiles/images/2015-12-18/thumb_5673b75e60bb1.jpg
INFO: [ app_init ] --START--
INFO: Run Behavior\BuildLiteBehavior [ RunTime:0.000000s ]
INFO: [ app_init ] --END-- [ RunTime:0.000000s ]
ERR: 无法加载模块:Uploadfiles

[ 2015-12-21T09:38:26+08:00 ] 127.0.0.1 /uploadfiles/images/2015-12-18/thumb_5673b75e60bb1.jpg
INFO: [ app_init ] --START--
INFO: Run Behavior\BuildLiteBehavior [ RunTime:0.000000s ]
INFO: [ app_init ] --END-- [ RunTime:0.000000s ]
ERR: 无法加载模块:Uploadfiles

[ 2015-12-21T09:39:17+08:00 ] 127.0.0.1 /uploadfiles/images/2015-12-18/thumb_5673bee8f1e94.jpg
INFO: [ app_init ] --START--
INFO: Run Behavior\BuildLiteBehavior [ RunTime:0.001000s ]
INFO: [ app_init ] --END-- [ RunTime:0.001000s ]
ERR: 无法加载模块:Uploadfiles

[ 2015-12-21T09:39:17+08:00 ] 127.0.0.1 /uploadfiles/images/2015-12-18/thumb_5673bdbdcc81f.jpg
INFO: [ app_init ] --START--
INFO: Run Behavior\BuildLiteBehavior [ RunTime:0.000000s ]
INFO: [ app_init ] --END-- [ RunTime:0.001000s ]
ERR: 无法加载模块:Uploadfiles

[ 2015-12-21T09:39:17+08:00 ] 127.0.0.1 /uploadfiles/images/2015-12-18/thumb_5673bcfe4b05a.jpg
INFO: [ app_init ] --START--
INFO: Run Behavior\BuildLiteBehavior [ RunTime:0.000000s ]
INFO: [ app_init ] --END-- [ RunTime:0.001000s ]
ERR: 无法加载模块:Uploadfiles

[ 2015-12-21T09:39:17+08:00 ] 127.0.0.1 /uploadfiles/images/2015-12-18/thumb_5673bd869a794.jpg
INFO: [ app_init ] --START--
INFO: Run Behavior\BuildLiteBehavior [ RunTime:0.000000s ]
INFO: [ app_init ] --END-- [ RunTime:0.001000s ]
ERR: 无法加载模块:Uploadfiles

[ 2015-12-21T09:39:17+08:00 ] 127.0.0.1 /uploadfiles/images/2015-12-18/thumb_5673bcc5a42ae.jpg
INFO: [ app_init ] --START--
INFO: Run Behavior\BuildLiteBehavior [ RunTime:0.000000s ]
INFO: [ app_init ] --END-- [ RunTime:0.001000s ]
ERR: 无法加载模块:Uploadfiles

[ 2015-12-21T09:39:17+08:00 ] 127.0.0.1 /uploadfiles/images/2015-12-18/thumb_5673b8cfb572d.jpg
INFO: [ app_init ] --START--
INFO: Run Behavior\BuildLiteBehavior [ RunTime:0.000000s ]
INFO: [ app_init ] --END-- [ RunTime:0.001000s ]
ERR: 无法加载模块:Uploadfiles

[ 2015-12-21T09:39:17+08:00 ] 127.0.0.1 /uploadfiles/images/2015-12-18/thumb_5673b88ba0b03.jpg
INFO: [ app_init ] --START--
INFO: Run Behavior\BuildLiteBehavior [ RunTime:0.000000s ]
INFO: [ app_init ] --END-- [ RunTime:0.001000s ]
ERR: 无法加载模块:Uploadfiles

[ 2015-12-21T09:39:17+08:00 ] 127.0.0.1 /uploadfiles/images/2015-12-18/thumb_5673bb7d9bcb2.jpg
INFO: [ app_init ] --START--
INFO: Run Behavior\BuildLiteBehavior [ RunTime:0.000000s ]
INFO: [ app_init ] --END-- [ RunTime:0.005000s ]
ERR: 无法加载模块:Uploadfiles

[ 2015-12-21T09:39:17+08:00 ] 127.0.0.1 /uploadfiles/images/2015-12-18/thumb_5673b7aa04cbb.jpg
INFO: [ app_init ] --START--
INFO: Run Behavior\BuildLiteBehavior [ RunTime:0.000000s ]
INFO: [ app_init ] --END-- [ RunTime:0.004000s ]
ERR: 无法加载模块:Uploadfiles

[ 2015-12-21T09:39:17+08:00 ] 127.0.0.1 /uploadfiles/images/2015-12-18/thumb_5673b97b576be.jpg
INFO: [ app_init ] --START--
INFO: Run Behavior\BuildLiteBehavior [ RunTime:0.000000s ]
INFO: [ app_init ] --END-- [ RunTime:0.000000s ]
ERR: 无法加载模块:Uploadfiles

[ 2015-12-21T09:39:17+08:00 ] 127.0.0.1 /uploadfiles/images/2015-12-18/thumb_5673b75e60bb1.jpg
INFO: [ app_init ] --START--
INFO: Run Behavior\BuildLiteBehavior [ RunTime:0.000000s ]
INFO: [ app_init ] --END-- [ RunTime:0.000000s ]
ERR: 无法加载模块:Uploadfiles

[ 2015-12-21T09:39:17+08:00 ] 127.0.0.1 /uploadfiles/images/2015-12-18/thumb_5673bafa75f0e.jpg
INFO: [ app_init ] --START--
INFO: Run Behavior\BuildLiteBehavior [ RunTime:0.000000s ]
INFO: [ app_init ] --END-- [ RunTime:0.000000s ]
ERR: 无法加载模块:Uploadfiles

[ 2015-12-21T09:39:17+08:00 ] 127.0.0.1 /uploadfiles/images/2015-12-18/thumb_5673bb4033553.jpg
INFO: [ app_init ] --START--
INFO: Run Behavior\BuildLiteBehavior [ RunTime:0.000000s ]
INFO: [ app_init ] --END-- [ RunTime:0.001000s ]
ERR: 无法加载模块:Uploadfiles

[ 2015-12-21T09:39:17+08:00 ] 127.0.0.1 /uploadfiles/images/2015-12-18/thumb_5673bdd6d1f72.jpg
INFO: [ app_init ] --START--
INFO: Run Behavior\BuildLiteBehavior [ RunTime:0.000000s ]
INFO: [ app_init ] --END-- [ RunTime:0.000000s ]
ERR: 无法加载模块:Uploadfiles

[ 2015-12-21T09:49:05+08:00 ] 127.0.0.1 /uploadfiles/images/2015-12-18/thumb_5673b75e60bb1.jpg
INFO: [ app_init ] --START--
INFO: Run Behavior\BuildLiteBehavior [ RunTime:0.000000s ]
INFO: [ app_init ] --END-- [ RunTime:0.015600s ]
ERR: 无法加载模块:Uploadfiles

[ 2015-12-21T10:00:37+08:00 ] 127.0.0.1 /Public/images/bitbug_favicon.ico
INFO: [ app_init ] --START--
INFO: Run Behavior\BuildLiteBehavior [ RunTime:0.000000s ]
INFO: [ app_init ] --END-- [ RunTime:0.001001s ]
ERR: 无法加载模块:Public

[ 2015-12-21T10:00:38+08:00 ] 127.0.0.1 /Public/images/bitbug_favicon.ico
INFO: [ app_init ] --START--
INFO: Run Behavior\BuildLiteBehavior [ RunTime:0.000000s ]
INFO: [ app_init ] --END-- [ RunTime:0.004000s ]
ERR: 无法加载模块:Public

