[ 2015-12-22T09:23:40+08:00 ] 127.0.0.1 /index.php/Blogsysemty/
INFO: [ app_init ] --START--
INFO: Run Behavior\BuildLiteBehavior [ RunTime:0.000000s ]
INFO: [ app_init ] --END-- [ RunTime:0.000000s ]
INFO: [ app_begin ] --START--
INFO: Run Behavior\ReadHtmlCacheBehavior [ RunTime:0.000000s ]
INFO: [ app_begin ] --END-- [ RunTime:0.000000s ]

[ 2015-12-22T09:23:41+08:00 ] 127.0.0.1 /index.php/Blogsysemty/login/index.html
INFO: [ app_init ] --START--
INFO: Run Behavior\BuildLiteBehavior [ RunTime:0.000000s ]
INFO: [ app_init ] --END-- [ RunTime:0.000000s ]
INFO: [ app_begin ] --START--
INFO: Run Behavior\ReadHtmlCacheBehavior [ RunTime:0.000000s ]
INFO: [ app_begin ] --END-- [ RunTime:0.001000s ]
INFO: [ view_parse ] --START--
INFO: [ template_filter ] --START--
INFO: Run Behavior\ContentReplaceBehavior [ RunTime:0.000000s ]
INFO: [ template_filter ] --END-- [ RunTime:0.000000s ]
INFO: Run Behavior\ParseTemplateBehavior [ RunTime:0.009000s ]
INFO: [ view_parse ] --END-- [ RunTime:0.010000s ]
INFO: [ view_filter ] --START--
INFO: Run Behavior\WriteHtmlCacheBehavior [ RunTime:0.000000s ]
INFO: [ view_filter ] --END-- [ RunTime:0.000000s ]
INFO: [ app_end ] --START--
INFO: Run Behavior\ShowPageTraceBehavior [ RunTime:0.000000s ]
INFO: [ app_end ] --END-- [ RunTime:0.001001s ]

[ 2015-12-22T09:23:41+08:00 ] 127.0.0.1 /index.php/Blogsysemty/Login/verify.html
INFO: [ app_init ] --START--
INFO: Run Behavior\BuildLiteBehavior [ RunTime:0.000000s ]
INFO: [ app_init ] --END-- [ RunTime:0.001000s ]
INFO: [ app_begin ] --START--
INFO: Run Behavior\ReadHtmlCacheBehavior [ RunTime:0.001000s ]
INFO: [ app_begin ] --END-- [ RunTime:0.001000s ]
INFO: [ app_end ] --START--
INFO: Run Behavior\ShowPageTraceBehavior [ RunTime:0.001000s ]
INFO: [ app_end ] --END-- [ RunTime:0.001000s ]

[ 2015-12-22T09:27:02+08:00 ] 127.0.0.1 /index.php/Blogsysemty/Login/index.html
INFO: [ app_init ] --START--
INFO: Run Behavior\BuildLiteBehavior [ RunTime:0.000000s ]
INFO: [ app_init ] --END-- [ RunTime:0.000000s ]
INFO: [ app_begin ] --START--
INFO: Run Behavior\ReadHtmlCacheBehavior [ RunTime:0.000000s ]
INFO: [ app_begin ] --END-- [ RunTime:0.000000s ]
SQL: SHOW COLUMNS FROM `blog_user` [ RunTime:0.0156s ]
SQL: SELECT * FROM `blog_user` WHERE `username` = 'zhou' LIMIT 1   [ RunTime:0.0000s ]
SQL: UPDATE `blog_user` SET `login_ip`='127.0.0.1' WHERE `id` = 3 [ RunTime:0.0000s ]

[ 2015-12-22T09:27:02+08:00 ] 127.0.0.1 /index.php/Blogsysemty/Index/index.html
INFO: [ app_init ] --START--
INFO: Run Behavior\BuildLiteBehavior [ RunTime:0.000000s ]
INFO: [ app_init ] --END-- [ RunTime:0.000000s ]
INFO: [ app_begin ] --START--
INFO: Run Behavior\ReadHtmlCacheBehavior [ RunTime:0.001000s ]
INFO: [ app_begin ] --END-- [ RunTime:0.001000s ]
INFO: [ view_parse ] --START--
INFO: [ template_filter ] --START--
INFO: Run Behavior\ContentReplaceBehavior [ RunTime:0.000000s ]
INFO: [ template_filter ] --END-- [ RunTime:0.000000s ]
INFO: Run Behavior\ParseTemplateBehavior [ RunTime:0.033002s ]
INFO: [ view_parse ] --END-- [ RunTime:0.033002s ]
INFO: [ view_filter ] --START--
INFO: Run Behavior\WriteHtmlCacheBehavior [ RunTime:0.001000s ]
INFO: [ view_filter ] --END-- [ RunTime:0.001000s ]
INFO: [ app_end ] --START--
INFO: Run Behavior\ShowPageTraceBehavior [ RunTime:0.001000s ]
INFO: [ app_end ] --END-- [ RunTime:0.001000s ]

[ 2015-12-22T09:27:06+08:00 ] 127.0.0.1 /index.php/Blogsysemty/Friendlink/friendlink_list.html
INFO: [ app_init ] --START--
INFO: Run Behavior\BuildLiteBehavior [ RunTime:0.000000s ]
INFO: [ app_init ] --END-- [ RunTime:0.000000s ]
INFO: [ app_begin ] --START--
INFO: Run Behavior\ReadHtmlCacheBehavior [ RunTime:0.000000s ]
INFO: [ app_begin ] --END-- [ RunTime:0.000000s ]
SQL: SHOW COLUMNS FROM `blog_friendlink` [ RunTime:0.0000s ]
SQL: SELECT * FROM `blog_friendlink` ORDER BY addtime DESC  [ RunTime:0.0000s ]
INFO: [ view_parse ] --START--
INFO: [ template_filter ] --START--
INFO: Run Behavior\ContentReplaceBehavior [ RunTime:0.000000s ]
INFO: [ template_filter ] --END-- [ RunTime:0.000000s ]
NOTIC: [8] Undefined variable: client_arr D:\phpStudy\blog\Runtime\Cache\Blogsysemty\fddd9a15059366675501c5bab75de862.php 第 683 行.
NOTIC: [8] Undefined variable: client_arr D:\phpStudy\blog\Runtime\Cache\Blogsysemty\fddd9a15059366675501c5bab75de862.php 第 684 行.
INFO: Run Behavior\ParseTemplateBehavior [ RunTime:0.031200s ]
INFO: [ view_parse ] --END-- [ RunTime:0.031200s ]
INFO: [ view_filter ] --START--
INFO: Run Behavior\WriteHtmlCacheBehavior [ RunTime:0.000000s ]
INFO: [ view_filter ] --END-- [ RunTime:0.000000s ]
INFO: [ app_end ] --START--
INFO: Run Behavior\ShowPageTraceBehavior [ RunTime:0.000000s ]
INFO: [ app_end ] --END-- [ RunTime:0.000000s ]

[ 2015-12-22T09:27:09+08:00 ] 127.0.0.1 /index.php/Blogsysemty/Message/jqgrid.html
INFO: [ app_init ] --START--
INFO: Run Behavior\BuildLiteBehavior [ RunTime:0.000000s ]
INFO: [ app_init ] --END-- [ RunTime:0.000000s ]
INFO: [ app_begin ] --START--
INFO: Run Behavior\ReadHtmlCacheBehavior [ RunTime:0.001000s ]
INFO: [ app_begin ] --END-- [ RunTime:0.001000s ]
SQL: SHOW COLUMNS FROM `blog_message` [ RunTime:0.0090s ]
SQL: SELECT * FROM `blog_message`  [ RunTime:0.0000s ]
INFO: [ view_parse ] --START--
INFO: [ template_filter ] --START--
INFO: Run Behavior\ContentReplaceBehavior [ RunTime:0.000000s ]
INFO: [ template_filter ] --END-- [ RunTime:0.000000s ]
INFO: Run Behavior\ParseTemplateBehavior [ RunTime:0.019001s ]
INFO: [ view_parse ] --END-- [ RunTime:0.019001s ]
INFO: [ view_filter ] --START--
INFO: Run Behavior\WriteHtmlCacheBehavior [ RunTime:0.001000s ]
INFO: [ view_filter ] --END-- [ RunTime:0.001000s ]
INFO: [ app_end ] --START--
INFO: Run Behavior\ShowPageTraceBehavior [ RunTime:0.001000s ]
INFO: [ app_end ] --END-- [ RunTime:0.005000s ]

[ 2015-12-22T09:27:12+08:00 ] 127.0.0.1 /index.php/Blogsysemty/Message/jqgrid.html
INFO: [ app_init ] --START--
INFO: Run Behavior\BuildLiteBehavior [ RunTime:0.000000s ]
INFO: [ app_init ] --END-- [ RunTime:0.000000s ]
INFO: [ app_begin ] --START--
INFO: Run Behavior\ReadHtmlCacheBehavior [ RunTime:0.000000s ]
INFO: [ app_begin ] --END-- [ RunTime:0.000000s ]
SQL: SHOW COLUMNS FROM `blog_message` [ RunTime:0.0156s ]
SQL: SELECT * FROM `blog_message`  [ RunTime:0.0000s ]
INFO: [ view_parse ] --START--
INFO: [ template_filter ] --START--
INFO: Run Behavior\ContentReplaceBehavior [ RunTime:0.000000s ]
INFO: [ template_filter ] --END-- [ RunTime:0.000000s ]
INFO: Run Behavior\ParseTemplateBehavior [ RunTime:0.015600s ]
INFO: [ view_parse ] --END-- [ RunTime:0.015600s ]
INFO: [ view_filter ] --START--
INFO: Run Behavior\WriteHtmlCacheBehavior [ RunTime:0.000000s ]
INFO: [ view_filter ] --END-- [ RunTime:0.000000s ]
INFO: [ app_end ] --START--
INFO: Run Behavior\ShowPageTraceBehavior [ RunTime:0.015600s ]
INFO: [ app_end ] --END-- [ RunTime:0.015600s ]

[ 2015-12-22T09:27:14+08:00 ] 127.0.0.1 /index.php/Blogsysemty/Friendlink/friendlink_list.html
INFO: [ app_init ] --START--
INFO: Run Behavior\BuildLiteBehavior [ RunTime:0.000000s ]
INFO: [ app_init ] --END-- [ RunTime:0.000000s ]
INFO: [ app_begin ] --START--
INFO: Run Behavior\ReadHtmlCacheBehavior [ RunTime:0.000000s ]
INFO: [ app_begin ] --END-- [ RunTime:0.000000s ]
SQL: SHOW COLUMNS FROM `blog_friendlink` [ RunTime:0.0000s ]
SQL: SELECT * FROM `blog_friendlink` ORDER BY addtime DESC  [ RunTime:0.0000s ]
INFO: [ view_parse ] --START--
INFO: [ template_filter ] --START--
INFO: Run Behavior\ContentReplaceBehavior [ RunTime:0.000000s ]
INFO: [ template_filter ] --END-- [ RunTime:0.000000s ]
NOTIC: [8] Undefined variable: client_arr D:\phpStudy\blog\Runtime\Cache\Blogsysemty\fddd9a15059366675501c5bab75de862.php 第 683 行.
NOTIC: [8] Undefined variable: client_arr D:\phpStudy\blog\Runtime\Cache\Blogsysemty\fddd9a15059366675501c5bab75de862.php 第 684 行.
INFO: Run Behavior\ParseTemplateBehavior [ RunTime:0.031200s ]
INFO: [ view_parse ] --END-- [ RunTime:0.031200s ]
INFO: [ view_filter ] --START--
INFO: Run Behavior\WriteHtmlCacheBehavior [ RunTime:0.000000s ]
INFO: [ view_filter ] --END-- [ RunTime:0.000000s ]
INFO: [ app_end ] --START--
INFO: Run Behavior\ShowPageTraceBehavior [ RunTime:0.000000s ]
INFO: [ app_end ] --END-- [ RunTime:0.000000s ]

[ 2015-12-22T09:27:20+08:00 ] 127.0.0.1 /index.php/Blogsysemty/Article/articlelist.html
INFO: [ app_init ] --START--
INFO: Run Behavior\BuildLiteBehavior [ RunTime:0.000000s ]
INFO: [ app_init ] --END-- [ RunTime:0.000000s ]
INFO: [ app_begin ] --START--
INFO: Run Behavior\ReadHtmlCacheBehavior [ RunTime:0.000000s ]
INFO: [ app_begin ] --END-- [ RunTime:0.000000s ]
SQL: SHOW COLUMNS FROM `blog_article` [ RunTime:0.0156s ]
SQL: SHOW COLUMNS FROM `blog_article_content` [ RunTime:0.0000s ]
SQL: SHOW COLUMNS FROM `blog_article_cate` [ RunTime:0.0216s ]
SQL: SHOW COLUMNS FROM `blog_upload` [ RunTime:0.0020s ]
SQL: SELECT * FROM `blog_article_cate`  [ RunTime:0.0000s ]
SQL: SELECT * FROM `blog_article`  [ RunTime:0.0000s ]
SQL: SELECT `imgurl` FROM `blog_upload` WHERE `itemid` = '1' LIMIT 1   [ RunTime:0.0000s ]
SQL: SELECT `catename` FROM `blog_article_cate` WHERE `id` = 1 LIMIT 1   [ RunTime:0.0000s ]
SQL: SELECT `imgurl` FROM `blog_upload` WHERE `itemid` = '2' LIMIT 1   [ RunTime:0.0000s ]
SQL: SELECT `catename` FROM `blog_article_cate` WHERE `id` = 3 LIMIT 1   [ RunTime:0.0000s ]
SQL: SELECT `imgurl` FROM `blog_upload` WHERE `itemid` = '3' LIMIT 1   [ RunTime:0.0000s ]
SQL: SELECT `catename` FROM `blog_article_cate` WHERE `id` = 1 LIMIT 1   [ RunTime:0.0000s ]
SQL: SELECT `imgurl` FROM `blog_upload` WHERE `itemid` = '4' LIMIT 1   [ RunTime:0.0000s ]
SQL: SELECT `catename` FROM `blog_article_cate` WHERE `id` = 1 LIMIT 1   [ RunTime:0.0000s ]
SQL: SELECT `imgurl` FROM `blog_upload` WHERE `itemid` = '5' LIMIT 1   [ RunTime:0.0000s ]
SQL: SELECT `catename` FROM `blog_article_cate` WHERE `id` = 1 LIMIT 1   [ RunTime:0.0000s ]
SQL: SELECT `imgurl` FROM `blog_upload` WHERE `itemid` = '6' LIMIT 1   [ RunTime:0.0000s ]
SQL: SELECT `catename` FROM `blog_article_cate` WHERE `id` = 1 LIMIT 1   [ RunTime:0.0000s ]
SQL: SELECT `imgurl` FROM `blog_upload` WHERE `itemid` = '7' LIMIT 1   [ RunTime:0.0000s ]
SQL: SELECT `catename` FROM `blog_article_cate` WHERE `id` = 2 LIMIT 1   [ RunTime:0.0000s ]
SQL: SELECT `imgurl` FROM `blog_upload` WHERE `itemid` = '8' LIMIT 1   [ RunTime:0.0010s ]
SQL: SELECT `catename` FROM `blog_article_cate` WHERE `id` = 2 LIMIT 1   [ RunTime:0.0000s ]
SQL: SELECT `imgurl` FROM `blog_upload` WHERE `itemid` = '9' LIMIT 1   [ RunTime:0.0010s ]
SQL: SELECT `catename` FROM `blog_article_cate` WHERE `id` = 2 LIMIT 1   [ RunTime:0.0000s ]
SQL: SELECT `imgurl` FROM `blog_upload` WHERE `itemid` = '10' LIMIT 1   [ RunTime:0.0010s ]
SQL: SELECT `catename` FROM `blog_article_cate` WHERE `id` = 4 LIMIT 1   [ RunTime:0.0000s ]
SQL: SELECT `imgurl` FROM `blog_upload` WHERE `itemid` = '11' LIMIT 1   [ RunTime:0.0000s ]
SQL: SELECT `catename` FROM `blog_article_cate` WHERE `id` = 1 LIMIT 1   [ RunTime:0.0000s ]
SQL: SELECT `imgurl` FROM `blog_upload` WHERE `itemid` = '12' LIMIT 1   [ RunTime:0.0000s ]
SQL: SELECT `catename` FROM `blog_article_cate` WHERE `id` = 1 LIMIT 1   [ RunTime:0.0010s ]
SQL: SELECT `imgurl` FROM `blog_upload` WHERE `itemid` = '13' LIMIT 1   [ RunTime:0.0010s ]
SQL: SELECT `catename` FROM `blog_article_cate` WHERE `id` = 3 LIMIT 1   [ RunTime:0.0000s ]
SQL: SELECT `imgurl` FROM `blog_upload` WHERE `itemid` = '14' LIMIT 1   [ RunTime:0.0010s ]
SQL: SELECT `catename` FROM `blog_article_cate` WHERE `id` = 3 LIMIT 1   [ RunTime:0.0000s ]
INFO: [ view_parse ] --START--
INFO: [ template_filter ] --START--
INFO: Run Behavior\ContentReplaceBehavior [ RunTime:0.000000s ]
INFO: [ template_filter ] --END-- [ RunTime:0.000000s ]
INFO: Run Behavior\ParseTemplateBehavior [ RunTime:0.018001s ]
INFO: [ view_parse ] --END-- [ RunTime:0.018001s ]
INFO: [ view_filter ] --START--
INFO: Run Behavior\WriteHtmlCacheBehavior [ RunTime:0.000000s ]
INFO: [ view_filter ] --END-- [ RunTime:0.000000s ]
INFO: [ app_end ] --START--
INFO: Run Behavior\ShowPageTraceBehavior [ RunTime:0.017600s ]
INFO: [ app_end ] --END-- [ RunTime:0.017600s ]

[ 2015-12-22T09:28:16+08:00 ] 127.0.0.1 /index.php/Blogsysemty/Index/gallery.html
INFO: [ app_init ] --START--
INFO: Run Behavior\BuildLiteBehavior [ RunTime:0.000000s ]
INFO: [ app_init ] --END-- [ RunTime:0.000000s ]
INFO: [ app_begin ] --START--
INFO: Run Behavior\ReadHtmlCacheBehavior [ RunTime:0.000000s ]
INFO: [ app_begin ] --END-- [ RunTime:0.000000s ]
INFO: [ view_parse ] --START--
INFO: [ template_filter ] --START--
INFO: Run Behavior\ContentReplaceBehavior [ RunTime:0.000000s ]
INFO: [ template_filter ] --END-- [ RunTime:0.000000s ]
INFO: Run Behavior\ParseTemplateBehavior [ RunTime:0.031601s ]
INFO: [ view_parse ] --END-- [ RunTime:0.031601s ]
INFO: [ view_filter ] --START--
INFO: Run Behavior\WriteHtmlCacheBehavior [ RunTime:0.001000s ]
INFO: [ view_filter ] --END-- [ RunTime:0.001000s ]
INFO: [ app_end ] --START--
INFO: Run Behavior\ShowPageTraceBehavior [ RunTime:0.001000s ]
INFO: [ app_end ] --END-- [ RunTime:0.001000s ]

[ 2015-12-22T09:33:47+08:00 ] 127.0.0.1 /index.php/Blogsysemty/Index/calendar.html
INFO: [ app_init ] --START--
INFO: Run Behavior\BuildLiteBehavior [ RunTime:0.000000s ]
INFO: [ app_init ] --END-- [ RunTime:0.000000s ]
INFO: [ app_begin ] --START--
INFO: Run Behavior\ReadHtmlCacheBehavior [ RunTime:0.000000s ]
INFO: [ app_begin ] --END-- [ RunTime:0.000000s ]
INFO: [ view_parse ] --START--
INFO: [ template_filter ] --START--
INFO: Run Behavior\ContentReplaceBehavior [ RunTime:0.000000s ]
INFO: [ template_filter ] --END-- [ RunTime:0.000000s ]
INFO: Run Behavior\ParseTemplateBehavior [ RunTime:0.029601s ]
INFO: [ view_parse ] --END-- [ RunTime:0.029601s ]
INFO: [ view_filter ] --START--
INFO: Run Behavior\WriteHtmlCacheBehavior [ RunTime:0.001000s ]
INFO: [ view_filter ] --END-- [ RunTime:0.001000s ]
INFO: [ app_end ] --START--
INFO: Run Behavior\ShowPageTraceBehavior [ RunTime:0.009000s ]
INFO: [ app_end ] --END-- [ RunTime:0.009000s ]

[ 2015-12-22T10:00:39+08:00 ] 127.0.0.1 /index.php/Blogsysemty/Index/calendar.html
INFO: [ app_init ] --START--
INFO: Run Behavior\BuildLiteBehavior [ RunTime:0.000000s ]
INFO: [ app_init ] --END-- [ RunTime:0.001000s ]
INFO: [ app_begin ] --START--
INFO: Run Behavior\ReadHtmlCacheBehavior [ RunTime:0.001000s ]
INFO: [ app_begin ] --END-- [ RunTime:0.001000s ]
INFO: [ view_parse ] --START--
INFO: [ template_filter ] --START--
INFO: Run Behavior\ContentReplaceBehavior [ RunTime:0.000000s ]
INFO: [ template_filter ] --END-- [ RunTime:0.000000s ]
INFO: Run Behavior\ParseTemplateBehavior [ RunTime:0.022001s ]
INFO: [ view_parse ] --END-- [ RunTime:0.022001s ]
INFO: [ view_filter ] --START--
INFO: Run Behavior\WriteHtmlCacheBehavior [ RunTime:0.001000s ]
INFO: [ view_filter ] --END-- [ RunTime:0.001000s ]
INFO: [ app_end ] --START--
INFO: Run Behavior\ShowPageTraceBehavior [ RunTime:0.001001s ]
INFO: [ app_end ] --END-- [ RunTime:0.001001s ]

[ 2015-12-22T10:00:44+08:00 ] 127.0.0.1 /index.php/Blogsysemty/Message/jqgrid.html
INFO: [ app_init ] --START--
INFO: Run Behavior\BuildLiteBehavior [ RunTime:0.000000s ]
INFO: [ app_init ] --END-- [ RunTime:0.000000s ]
INFO: [ app_begin ] --START--
INFO: Run Behavior\ReadHtmlCacheBehavior [ RunTime:0.000000s ]
INFO: [ app_begin ] --END-- [ RunTime:0.000000s ]
SQL: SHOW COLUMNS FROM `blog_message` [ RunTime:0.0000s ]
SQL: SELECT * FROM `blog_message`  [ RunTime:0.0000s ]
INFO: [ view_parse ] --START--
INFO: [ template_filter ] --START--
INFO: Run Behavior\ContentReplaceBehavior [ RunTime:0.000000s ]
INFO: [ template_filter ] --END-- [ RunTime:0.000000s ]
INFO: Run Behavior\ParseTemplateBehavior [ RunTime:0.015600s ]
INFO: [ view_parse ] --END-- [ RunTime:0.015600s ]
INFO: [ view_filter ] --START--
INFO: Run Behavior\WriteHtmlCacheBehavior [ RunTime:0.000000s ]
INFO: [ view_filter ] --END-- [ RunTime:0.000000s ]
INFO: [ app_end ] --START--
INFO: Run Behavior\ShowPageTraceBehavior [ RunTime:0.000000s ]
INFO: [ app_end ] --END-- [ RunTime:0.000000s ]

[ 2015-12-22T10:39:25+08:00 ] 127.0.0.1 /index.php/Blogsysemty/Message/jqgrid.html
INFO: [ app_init ] --START--
INFO: Run Behavior\BuildLiteBehavior [ RunTime:0.000000s ]
INFO: [ app_init ] --END-- [ RunTime:0.001000s ]
INFO: [ app_begin ] --START--
INFO: Run Behavior\ReadHtmlCacheBehavior [ RunTime:0.001001s ]
INFO: [ app_begin ] --END-- [ RunTime:0.001001s ]
SQL: SHOW COLUMNS FROM `blog_message` [ RunTime:0.0080s ]
SQL: SELECT * FROM `blog_message`  [ RunTime:0.0000s ]
INFO: [ view_parse ] --START--
INFO: [ template_filter ] --START--
INFO: Run Behavior\ContentReplaceBehavior [ RunTime:0.001000s ]
INFO: [ template_filter ] --END-- [ RunTime:0.001000s ]
INFO: Run Behavior\ParseTemplateBehavior [ RunTime:0.025001s ]
INFO: [ view_parse ] --END-- [ RunTime:0.025001s ]
INFO: [ view_filter ] --START--
INFO: Run Behavior\WriteHtmlCacheBehavior [ RunTime:0.002000s ]
INFO: [ view_filter ] --END-- [ RunTime:0.002000s ]
INFO: [ app_end ] --START--
INFO: Run Behavior\ShowPageTraceBehavior [ RunTime:0.001000s ]
INFO: [ app_end ] --END-- [ RunTime:0.001000s ]

