[ 2015-12-18T09:27:37+08:00 ] 127.0.0.1 /
INFO: [ app_init ] --START--
INFO: Run Behavior\BuildLiteBehavior [ RunTime:0.000000s ]
INFO: [ app_init ] --END-- [ RunTime:0.002001s ]
INFO: [ app_begin ] --START--
INFO: Run Behavior\ReadHtmlCacheBehavior [ RunTime:0.001000s ]
INFO: [ app_begin ] --END-- [ RunTime:0.001000s ]
SQL: SHOW COLUMNS FROM `blog_message` [ RunTime:0.0120s ]
SQL: SELECT * FROM `blog_message`  [ RunTime:0.0010s ]
INFO: [ view_parse ] --START--
INFO: [ template_filter ] --START--
INFO: Run Behavior\ContentReplaceBehavior [ RunTime:0.000000s ]
INFO: [ template_filter ] --END-- [ RunTime:0.000000s ]
INFO: Run Behavior\ParseTemplateBehavior [ RunTime:0.012001s ]
INFO: [ view_parse ] --END-- [ RunTime:0.012001s ]
INFO: [ view_filter ] --START--
INFO: Run Behavior\WriteHtmlCacheBehavior [ RunTime:0.000000s ]
INFO: [ view_filter ] --END-- [ RunTime:0.000000s ]
INFO: [ app_end ] --START--
INFO: Run Behavior\ShowPageTraceBehavior [ RunTime:0.004000s ]
INFO: [ app_end ] --END-- [ RunTime:0.004000s ]

[ 2015-12-18T09:29:58+08:00 ] 127.0.0.1 /
INFO: [ app_init ] --START--
INFO: Run Behavior\BuildLiteBehavior [ RunTime:0.000000s ]
INFO: [ app_init ] --END-- [ RunTime:0.000000s ]
INFO: [ app_begin ] --START--
INFO: Run Behavior\ReadHtmlCacheBehavior [ RunTime:0.000000s ]
INFO: [ app_begin ] --END-- [ RunTime:0.000000s ]
SQL: SHOW COLUMNS FROM `blog_message` [ RunTime:0.0070s ]
SQL: SELECT * FROM `blog_message`  [ RunTime:0.0000s ]
INFO: [ view_parse ] --START--
INFO: [ template_filter ] --START--
INFO: Run Behavior\ContentReplaceBehavior [ RunTime:0.001000s ]
INFO: [ template_filter ] --END-- [ RunTime:0.001000s ]
INFO: Run Behavior\ParseTemplateBehavior [ RunTime:0.012001s ]
INFO: [ view_parse ] --END-- [ RunTime:0.012001s ]
INFO: [ view_filter ] --START--
INFO: Run Behavior\WriteHtmlCacheBehavior [ RunTime:0.000000s ]
INFO: [ view_filter ] --END-- [ RunTime:0.001000s ]
INFO: [ app_end ] --START--
INFO: Run Behavior\ShowPageTraceBehavior [ RunTime:0.006000s ]
INFO: [ app_end ] --END-- [ RunTime:0.007000s ]

[ 2015-12-18T09:30:20+08:00 ] 127.0.0.1 /
INFO: [ app_init ] --START--
INFO: Run Behavior\BuildLiteBehavior [ RunTime:0.000000s ]
INFO: [ app_init ] --END-- [ RunTime:0.001000s ]
INFO: [ app_begin ] --START--
INFO: Run Behavior\ReadHtmlCacheBehavior [ RunTime:0.001000s ]
INFO: [ app_begin ] --END-- [ RunTime:0.001000s ]
SQL: SHOW COLUMNS FROM `blog_message` [ RunTime:0.0090s ]
SQL: SELECT * FROM `blog_message`  [ RunTime:0.0000s ]
INFO: [ view_parse ] --START--
INFO: [ template_filter ] --START--
INFO: Run Behavior\ContentReplaceBehavior [ RunTime:0.000000s ]
INFO: [ template_filter ] --END-- [ RunTime:0.000000s ]
INFO: Run Behavior\ParseTemplateBehavior [ RunTime:0.011001s ]
INFO: [ view_parse ] --END-- [ RunTime:0.011001s ]
INFO: [ view_filter ] --START--
INFO: Run Behavior\WriteHtmlCacheBehavior [ RunTime:0.002000s ]
INFO: [ view_filter ] --END-- [ RunTime:0.002000s ]
INFO: [ app_end ] --START--
INFO: Run Behavior\ShowPageTraceBehavior [ RunTime:0.025001s ]
INFO: [ app_end ] --END-- [ RunTime:0.025001s ]

[ 2015-12-18T09:30:21+08:00 ] 127.0.0.1 /
INFO: [ app_init ] --START--
INFO: Run Behavior\BuildLiteBehavior [ RunTime:0.000000s ]
INFO: [ app_init ] --END-- [ RunTime:0.000000s ]
INFO: [ app_begin ] --START--
INFO: Run Behavior\ReadHtmlCacheBehavior [ RunTime:0.001000s ]
INFO: [ app_begin ] --END-- [ RunTime:0.001000s ]
SQL: SHOW COLUMNS FROM `blog_message` [ RunTime:0.0080s ]
SQL: SELECT * FROM `blog_message`  [ RunTime:0.0000s ]
INFO: [ view_parse ] --START--
INFO: [ template_filter ] --START--
INFO: Run Behavior\ContentReplaceBehavior [ RunTime:0.000000s ]
INFO: [ template_filter ] --END-- [ RunTime:0.000000s ]
INFO: Run Behavior\ParseTemplateBehavior [ RunTime:0.011001s ]
INFO: [ view_parse ] --END-- [ RunTime:0.011001s ]
INFO: [ view_filter ] --START--
INFO: Run Behavior\WriteHtmlCacheBehavior [ RunTime:0.000000s ]
INFO: [ view_filter ] --END-- [ RunTime:0.000000s ]
INFO: [ app_end ] --START--
INFO: Run Behavior\ShowPageTraceBehavior [ RunTime:0.003000s ]
INFO: [ app_end ] --END-- [ RunTime:0.003000s ]

[ 2015-12-18T09:31:32+08:00 ] 127.0.0.1 /
INFO: [ app_init ] --START--
INFO: Run Behavior\BuildLiteBehavior [ RunTime:0.000000s ]
INFO: [ app_init ] --END-- [ RunTime:0.001000s ]
INFO: [ app_begin ] --START--
INFO: Run Behavior\ReadHtmlCacheBehavior [ RunTime:0.001000s ]
INFO: [ app_begin ] --END-- [ RunTime:0.001000s ]
SQL: SHOW COLUMNS FROM `blog_message` [ RunTime:0.0070s ]
SQL: SELECT * FROM `blog_message`  [ RunTime:0.0000s ]
INFO: [ view_parse ] --START--
INFO: [ template_filter ] --START--
INFO: Run Behavior\ContentReplaceBehavior [ RunTime:0.000000s ]
INFO: [ template_filter ] --END-- [ RunTime:0.000000s ]
INFO: Run Behavior\ParseTemplateBehavior [ RunTime:0.016000s ]
INFO: [ view_parse ] --END-- [ RunTime:0.016000s ]
INFO: [ view_filter ] --START--
INFO: Run Behavior\WriteHtmlCacheBehavior [ RunTime:0.001000s ]
INFO: [ view_filter ] --END-- [ RunTime:0.001000s ]
INFO: [ app_end ] --START--
INFO: Run Behavior\ShowPageTraceBehavior [ RunTime:0.006000s ]
INFO: [ app_end ] --END-- [ RunTime:0.006000s ]

[ 2015-12-18T09:31:33+08:00 ] 127.0.0.1 /index.php/Home/Message/index.html
INFO: [ app_init ] --START--
INFO: Run Behavior\BuildLiteBehavior [ RunTime:0.000000s ]
INFO: [ app_init ] --END-- [ RunTime:0.000000s ]
INFO: [ app_begin ] --START--
INFO: Run Behavior\ReadHtmlCacheBehavior [ RunTime:0.001001s ]
INFO: [ app_begin ] --END-- [ RunTime:0.001001s ]
SQL: SHOW COLUMNS FROM `blog_message` [ RunTime:0.0090s ]
SQL: SHOW COLUMNS FROM `blog_comment` [ RunTime:0.0120s ]
SQL: SELECT COUNT(*) AS tp_count FROM `blog_message` WHERE ( status=1 ) LIMIT 1   [ RunTime:0.0020s ]
SQL: SELECT * FROM `blog_message` WHERE `status` = 1 LIMIT 0,3   [ RunTime:0.0010s ]
SQL: SELECT COUNT(*) AS tp_count FROM `blog_comment` WHERE `wid` = 13 LIMIT 1   [ RunTime:0.0010s ]
SQL: SELECT * FROM `blog_comment` WHERE `wid` = 13 LIMIT 1   [ RunTime:0.0000s ]
SQL: SELECT COUNT(*) AS tp_count FROM `blog_comment` WHERE `wid` = 14 LIMIT 1   [ RunTime:0.0010s ]
SQL: SELECT * FROM `blog_comment` WHERE `wid` = 14 LIMIT 1   [ RunTime:0.0000s ]
SQL: SELECT COUNT(*) AS tp_count FROM `blog_comment` WHERE `wid` = 16 LIMIT 1   [ RunTime:0.0000s ]
SQL: SELECT * FROM `blog_comment` WHERE `wid` = 16 LIMIT 1   [ RunTime:0.0000s ]
INFO: [ view_parse ] --START--
INFO: [ template_filter ] --START--
INFO: Run Behavior\ContentReplaceBehavior [ RunTime:0.000000s ]
INFO: [ template_filter ] --END-- [ RunTime:0.001000s ]
NOTIC: [8] Use of undefined constant contentcomment - assumed 'contentcomment' D:\phpStudy\blog\Runtime\Cache\Home\455a6242d1c94ccc41106a388080363b.php 第 173 行.
NOTIC: [8] Use of undefined constant id - assumed 'id' D:\phpStudy\blog\Runtime\Cache\Home\455a6242d1c94ccc41106a388080363b.php 第 182 行.
NOTIC: [8] Use of undefined constant pagecount - assumed 'pagecount' D:\phpStudy\blog\Runtime\Cache\Home\455a6242d1c94ccc41106a388080363b.php 第 196 行.
NOTIC: [8] Use of undefined constant pagecount - assumed 'pagecount' D:\phpStudy\blog\Runtime\Cache\Home\455a6242d1c94ccc41106a388080363b.php 第 203 行.
NOTIC: [8] Use of undefined constant id - assumed 'id' D:\phpStudy\blog\Runtime\Cache\Home\455a6242d1c94ccc41106a388080363b.php 第 207 行.
NOTIC: [8] Use of undefined constant pagecount - assumed 'pagecount' D:\phpStudy\blog\Runtime\Cache\Home\455a6242d1c94ccc41106a388080363b.php 第 207 行.
NOTIC: [8] Use of undefined constant id - assumed 'id' D:\phpStudy\blog\Runtime\Cache\Home\455a6242d1c94ccc41106a388080363b.php 第 209 行.
NOTIC: [8] Use of undefined constant id - assumed 'id' D:\phpStudy\blog\Runtime\Cache\Home\455a6242d1c94ccc41106a388080363b.php 第 229 行.
NOTIC: [8] Use of undefined constant contentcomment - assumed 'contentcomment' D:\phpStudy\blog\Runtime\Cache\Home\455a6242d1c94ccc41106a388080363b.php 第 173 行.
NOTIC: [8] Use of undefined constant id - assumed 'id' D:\phpStudy\blog\Runtime\Cache\Home\455a6242d1c94ccc41106a388080363b.php 第 182 行.
NOTIC: [8] Use of undefined constant pagecount - assumed 'pagecount' D:\phpStudy\blog\Runtime\Cache\Home\455a6242d1c94ccc41106a388080363b.php 第 196 行.
NOTIC: [8] Use of undefined constant pagecount - assumed 'pagecount' D:\phpStudy\blog\Runtime\Cache\Home\455a6242d1c94ccc41106a388080363b.php 第 203 行.
NOTIC: [8] Use of undefined constant id - assumed 'id' D:\phpStudy\blog\Runtime\Cache\Home\455a6242d1c94ccc41106a388080363b.php 第 207 行.
NOTIC: [8] Use of undefined constant pagecount - assumed 'pagecount' D:\phpStudy\blog\Runtime\Cache\Home\455a6242d1c94ccc41106a388080363b.php 第 207 行.
NOTIC: [8] Use of undefined constant id - assumed 'id' D:\phpStudy\blog\Runtime\Cache\Home\455a6242d1c94ccc41106a388080363b.php 第 209 行.
NOTIC: [8] Use of undefined constant id - assumed 'id' D:\phpStudy\blog\Runtime\Cache\Home\455a6242d1c94ccc41106a388080363b.php 第 229 行.
NOTIC: [8] Use of undefined constant contentcomment - assumed 'contentcomment' D:\phpStudy\blog\Runtime\Cache\Home\455a6242d1c94ccc41106a388080363b.php 第 173 行.
NOTIC: [8] Use of undefined constant id - assumed 'id' D:\phpStudy\blog\Runtime\Cache\Home\455a6242d1c94ccc41106a388080363b.php 第 182 行.
NOTIC: [8] Use of undefined constant pagecount - assumed 'pagecount' D:\phpStudy\blog\Runtime\Cache\Home\455a6242d1c94ccc41106a388080363b.php 第 196 行.
NOTIC: [8] Use of undefined constant pagecount - assumed 'pagecount' D:\phpStudy\blog\Runtime\Cache\Home\455a6242d1c94ccc41106a388080363b.php 第 203 行.
NOTIC: [8] Use of undefined constant id - assumed 'id' D:\phpStudy\blog\Runtime\Cache\Home\455a6242d1c94ccc41106a388080363b.php 第 207 行.
NOTIC: [8] Use of undefined constant pagecount - assumed 'pagecount' D:\phpStudy\blog\Runtime\Cache\Home\455a6242d1c94ccc41106a388080363b.php 第 207 行.
NOTIC: [8] Use of undefined constant id - assumed 'id' D:\phpStudy\blog\Runtime\Cache\Home\455a6242d1c94ccc41106a388080363b.php 第 209 行.
NOTIC: [8] Use of undefined constant id - assumed 'id' D:\phpStudy\blog\Runtime\Cache\Home\455a6242d1c94ccc41106a388080363b.php 第 229 行.
INFO: Run Behavior\ParseTemplateBehavior [ RunTime:0.017001s ]
INFO: [ view_parse ] --END-- [ RunTime:0.017001s ]
INFO: [ view_filter ] --START--
INFO: Run Behavior\WriteHtmlCacheBehavior [ RunTime:0.000000s ]
INFO: [ view_filter ] --END-- [ RunTime:0.001000s ]
INFO: [ app_end ] --START--
INFO: Run Behavior\ShowPageTraceBehavior [ RunTime:0.001000s ]
INFO: [ app_end ] --END-- [ RunTime:0.001000s ]

[ 2015-12-18T09:32:03+08:00 ] 127.0.0.1 /index.php/Home/Message/index.html
INFO: [ app_init ] --START--
INFO: Run Behavior\BuildLiteBehavior [ RunTime:0.001000s ]
INFO: [ app_init ] --END-- [ RunTime:0.001000s ]
INFO: [ app_begin ] --START--
INFO: Run Behavior\ReadHtmlCacheBehavior [ RunTime:0.002000s ]
INFO: [ app_begin ] --END-- [ RunTime:0.002000s ]
SQL: SHOW COLUMNS FROM `blog_message` [ RunTime:0.0080s ]
SQL: SHOW COLUMNS FROM `blog_comment` [ RunTime:0.0110s ]
SQL: SELECT COUNT(*) AS tp_count FROM `blog_message` WHERE ( status=1 ) LIMIT 1   [ RunTime:0.0000s ]
SQL: SELECT * FROM `blog_message` WHERE `status` = 1 LIMIT 0,3   [ RunTime:0.0000s ]
SQL: SELECT COUNT(*) AS tp_count FROM `blog_comment` WHERE `wid` = 13 LIMIT 1   [ RunTime:0.0000s ]
SQL: SELECT * FROM `blog_comment` WHERE `wid` = 13 LIMIT 1   [ RunTime:0.0000s ]
SQL: SELECT COUNT(*) AS tp_count FROM `blog_comment` WHERE `wid` = 14 LIMIT 1   [ RunTime:0.0000s ]
SQL: SELECT * FROM `blog_comment` WHERE `wid` = 14 LIMIT 1   [ RunTime:0.0000s ]
SQL: SELECT COUNT(*) AS tp_count FROM `blog_comment` WHERE `wid` = 16 LIMIT 1   [ RunTime:0.0000s ]
SQL: SELECT * FROM `blog_comment` WHERE `wid` = 16 LIMIT 1   [ RunTime:0.0000s ]
INFO: [ view_parse ] --START--
INFO: [ template_filter ] --START--
INFO: Run Behavior\ContentReplaceBehavior [ RunTime:0.000000s ]
INFO: [ template_filter ] --END-- [ RunTime:0.000000s ]
NOTIC: [8] Use of undefined constant contentcomment - assumed 'contentcomment' D:\phpStudy\blog\Runtime\Cache\Home\455a6242d1c94ccc41106a388080363b.php 第 173 行.
NOTIC: [8] Use of undefined constant id - assumed 'id' D:\phpStudy\blog\Runtime\Cache\Home\455a6242d1c94ccc41106a388080363b.php 第 182 行.
NOTIC: [8] Use of undefined constant pagecount - assumed 'pagecount' D:\phpStudy\blog\Runtime\Cache\Home\455a6242d1c94ccc41106a388080363b.php 第 196 行.
NOTIC: [8] Use of undefined constant pagecount - assumed 'pagecount' D:\phpStudy\blog\Runtime\Cache\Home\455a6242d1c94ccc41106a388080363b.php 第 203 行.
NOTIC: [8] Use of undefined constant id - assumed 'id' D:\phpStudy\blog\Runtime\Cache\Home\455a6242d1c94ccc41106a388080363b.php 第 207 行.
NOTIC: [8] Use of undefined constant pagecount - assumed 'pagecount' D:\phpStudy\blog\Runtime\Cache\Home\455a6242d1c94ccc41106a388080363b.php 第 207 行.
NOTIC: [8] Use of undefined constant id - assumed 'id' D:\phpStudy\blog\Runtime\Cache\Home\455a6242d1c94ccc41106a388080363b.php 第 209 行.
NOTIC: [8] Use of undefined constant id - assumed 'id' D:\phpStudy\blog\Runtime\Cache\Home\455a6242d1c94ccc41106a388080363b.php 第 229 行.
NOTIC: [8] Use of undefined constant contentcomment - assumed 'contentcomment' D:\phpStudy\blog\Runtime\Cache\Home\455a6242d1c94ccc41106a388080363b.php 第 173 行.
NOTIC: [8] Use of undefined constant id - assumed 'id' D:\phpStudy\blog\Runtime\Cache\Home\455a6242d1c94ccc41106a388080363b.php 第 182 行.
NOTIC: [8] Use of undefined constant pagecount - assumed 'pagecount' D:\phpStudy\blog\Runtime\Cache\Home\455a6242d1c94ccc41106a388080363b.php 第 196 行.
NOTIC: [8] Use of undefined constant pagecount - assumed 'pagecount' D:\phpStudy\blog\Runtime\Cache\Home\455a6242d1c94ccc41106a388080363b.php 第 203 行.
NOTIC: [8] Use of undefined constant id - assumed 'id' D:\phpStudy\blog\Runtime\Cache\Home\455a6242d1c94ccc41106a388080363b.php 第 207 行.
NOTIC: [8] Use of undefined constant pagecount - assumed 'pagecount' D:\phpStudy\blog\Runtime\Cache\Home\455a6242d1c94ccc41106a388080363b.php 第 207 行.
NOTIC: [8] Use of undefined constant id - assumed 'id' D:\phpStudy\blog\Runtime\Cache\Home\455a6242d1c94ccc41106a388080363b.php 第 209 行.
NOTIC: [8] Use of undefined constant id - assumed 'id' D:\phpStudy\blog\Runtime\Cache\Home\455a6242d1c94ccc41106a388080363b.php 第 229 行.
NOTIC: [8] Use of undefined constant contentcomment - assumed 'contentcomment' D:\phpStudy\blog\Runtime\Cache\Home\455a6242d1c94ccc41106a388080363b.php 第 173 行.
NOTIC: [8] Use of undefined constant id - assumed 'id' D:\phpStudy\blog\Runtime\Cache\Home\455a6242d1c94ccc41106a388080363b.php 第 182 行.
NOTIC: [8] Use of undefined constant pagecount - assumed 'pagecount' D:\phpStudy\blog\Runtime\Cache\Home\455a6242d1c94ccc41106a388080363b.php 第 196 行.
NOTIC: [8] Use of undefined constant pagecount - assumed 'pagecount' D:\phpStudy\blog\Runtime\Cache\Home\455a6242d1c94ccc41106a388080363b.php 第 203 行.
NOTIC: [8] Use of undefined constant id - assumed 'id' D:\phpStudy\blog\Runtime\Cache\Home\455a6242d1c94ccc41106a388080363b.php 第 207 行.
NOTIC: [8] Use of undefined constant pagecount - assumed 'pagecount' D:\phpStudy\blog\Runtime\Cache\Home\455a6242d1c94ccc41106a388080363b.php 第 207 行.
NOTIC: [8] Use of undefined constant id - assumed 'id' D:\phpStudy\blog\Runtime\Cache\Home\455a6242d1c94ccc41106a388080363b.php 第 209 行.
NOTIC: [8] Use of undefined constant id - assumed 'id' D:\phpStudy\blog\Runtime\Cache\Home\455a6242d1c94ccc41106a388080363b.php 第 229 行.
INFO: Run Behavior\ParseTemplateBehavior [ RunTime:0.019001s ]
INFO: [ view_parse ] --END-- [ RunTime:0.019001s ]
INFO: [ view_filter ] --START--
INFO: Run Behavior\WriteHtmlCacheBehavior [ RunTime:0.001000s ]
INFO: [ view_filter ] --END-- [ RunTime:0.001000s ]
INFO: [ app_end ] --START--
INFO: Run Behavior\ShowPageTraceBehavior [ RunTime:0.001000s ]
INFO: [ app_end ] --END-- [ RunTime:0.001000s ]

[ 2015-12-18T09:32:52+08:00 ] 127.0.0.1 /index.php/Home/About/index.html
INFO: [ app_init ] --START--
INFO: Run Behavior\BuildLiteBehavior [ RunTime:0.000000s ]
INFO: [ app_init ] --END-- [ RunTime:0.000000s ]
INFO: [ app_begin ] --START--
INFO: Run Behavior\ReadHtmlCacheBehavior [ RunTime:0.000000s ]
INFO: [ app_begin ] --END-- [ RunTime:0.000000s ]
INFO: [ view_parse ] --START--
INFO: [ template_filter ] --START--
INFO: Run Behavior\ContentReplaceBehavior [ RunTime:0.000000s ]
INFO: [ template_filter ] --END-- [ RunTime:0.000000s ]
INFO: Run Behavior\ParseTemplateBehavior [ RunTime:0.010000s ]
INFO: [ view_parse ] --END-- [ RunTime:0.010000s ]
INFO: [ view_filter ] --START--
INFO: Run Behavior\WriteHtmlCacheBehavior [ RunTime:0.000000s ]
INFO: [ view_filter ] --END-- [ RunTime:0.000000s ]
INFO: [ app_end ] --START--
INFO: Run Behavior\ShowPageTraceBehavior [ RunTime:0.000000s ]
INFO: [ app_end ] --END-- [ RunTime:0.000000s ]

[ 2015-12-18T09:32:55+08:00 ] 127.0.0.1 /index.php/Home/News/index.html
INFO: [ app_init ] --START--
INFO: Run Behavior\BuildLiteBehavior [ RunTime:0.000000s ]
INFO: [ app_init ] --END-- [ RunTime:0.002000s ]
INFO: [ app_begin ] --START--
INFO: Run Behavior\ReadHtmlCacheBehavior [ RunTime:0.001000s ]
INFO: [ app_begin ] --END-- [ RunTime:0.001000s ]
INFO: [ view_parse ] --START--
INFO: [ template_filter ] --START--
INFO: Run Behavior\ContentReplaceBehavior [ RunTime:0.000000s ]
INFO: [ template_filter ] --END-- [ RunTime:0.000000s ]
INFO: Run Behavior\ParseTemplateBehavior [ RunTime:0.013001s ]
INFO: [ view_parse ] --END-- [ RunTime:0.013001s ]
INFO: [ view_filter ] --START--
INFO: Run Behavior\WriteHtmlCacheBehavior [ RunTime:0.001000s ]
INFO: [ view_filter ] --END-- [ RunTime:0.001000s ]
INFO: [ app_end ] --START--
INFO: Run Behavior\ShowPageTraceBehavior [ RunTime:0.000000s ]
INFO: [ app_end ] --END-- [ RunTime:0.000000s ]

[ 2015-12-18T11:36:02+08:00 ] 127.0.0.1 /
INFO: [ app_init ] --START--
INFO: Run Behavior\BuildLiteBehavior [ RunTime:0.000000s ]
INFO: [ app_init ] --END-- [ RunTime:0.000000s ]
INFO: [ app_begin ] --START--
INFO: Run Behavior\ReadHtmlCacheBehavior [ RunTime:0.001000s ]
INFO: [ app_begin ] --END-- [ RunTime:0.002000s ]
SQL: SHOW COLUMNS FROM `blog_message` [ RunTime:0.0230s ]
SQL: SELECT * FROM `blog_message`  [ RunTime:0.0010s ]
INFO: [ view_parse ] --START--
INFO: [ template_filter ] --START--
INFO: Run Behavior\ContentReplaceBehavior [ RunTime:0.000000s ]
INFO: [ template_filter ] --END-- [ RunTime:0.000000s ]
INFO: Run Behavior\ParseTemplateBehavior [ RunTime:0.015001s ]
INFO: [ view_parse ] --END-- [ RunTime:0.015001s ]
INFO: [ view_filter ] --START--
INFO: Run Behavior\WriteHtmlCacheBehavior [ RunTime:0.000000s ]
INFO: [ view_filter ] --END-- [ RunTime:0.000000s ]
INFO: [ app_end ] --START--
INFO: Run Behavior\ShowPageTraceBehavior [ RunTime:0.001000s ]
INFO: [ app_end ] --END-- [ RunTime:0.001000s ]

[ 2015-12-18T11:36:36+08:00 ] 127.0.0.1 /
INFO: [ app_init ] --START--
INFO: Run Behavior\BuildLiteBehavior [ RunTime:0.000000s ]
INFO: [ app_init ] --END-- [ RunTime:0.000000s ]
INFO: [ app_begin ] --START--
INFO: Run Behavior\ReadHtmlCacheBehavior [ RunTime:0.001000s ]
INFO: [ app_begin ] --END-- [ RunTime:0.001000s ]
SQL: SHOW COLUMNS FROM `blog_message` [ RunTime:0.0090s ]
SQL: SELECT * FROM `blog_message`  [ RunTime:0.0010s ]
INFO: [ view_parse ] --START--
INFO: [ template_filter ] --START--
INFO: Run Behavior\ContentReplaceBehavior [ RunTime:0.000000s ]
INFO: [ template_filter ] --END-- [ RunTime:0.000000s ]
INFO: Run Behavior\ParseTemplateBehavior [ RunTime:0.013001s ]
INFO: [ view_parse ] --END-- [ RunTime:0.013001s ]
INFO: [ view_filter ] --START--
INFO: Run Behavior\WriteHtmlCacheBehavior [ RunTime:0.001000s ]
INFO: [ view_filter ] --END-- [ RunTime:0.002000s ]
INFO: [ app_end ] --START--
INFO: Run Behavior\ShowPageTraceBehavior [ RunTime:0.003000s ]
INFO: [ app_end ] --END-- [ RunTime:0.003000s ]

[ 2015-12-18T14:06:05+08:00 ] 127.0.0.1 /
INFO: [ app_init ] --START--
INFO: Run Behavior\BuildLiteBehavior [ RunTime:0.000000s ]
INFO: [ app_init ] --END-- [ RunTime:0.000000s ]
INFO: [ app_begin ] --START--
INFO: Run Behavior\ReadHtmlCacheBehavior [ RunTime:0.015600s ]
INFO: [ app_begin ] --END-- [ RunTime:0.015600s ]
SQL: SHOW COLUMNS FROM `blog_message` [ RunTime:0.0150s ]
SQL: SELECT * FROM `blog_message`  [ RunTime:0.0010s ]
INFO: [ view_parse ] --START--
INFO: [ template_filter ] --START--
INFO: Run Behavior\ContentReplaceBehavior [ RunTime:0.000000s ]
INFO: [ template_filter ] --END-- [ RunTime:0.000000s ]
INFO: Run Behavior\ParseTemplateBehavior [ RunTime:0.015001s ]
INFO: [ view_parse ] --END-- [ RunTime:0.015001s ]
INFO: [ view_filter ] --START--
INFO: Run Behavior\WriteHtmlCacheBehavior [ RunTime:0.000000s ]
INFO: [ view_filter ] --END-- [ RunTime:0.000000s ]
INFO: [ app_end ] --START--
INFO: Run Behavior\ShowPageTraceBehavior [ RunTime:0.001000s ]
INFO: [ app_end ] --END-- [ RunTime:0.001000s ]

