[ 2015-12-17T09:10:36+08:00 ] ::1 /newblog/
INFO: [ app_init ] --START--
INFO: Run Behavior\BuildLiteBehavior [ RunTime:0.000000s ]
INFO: [ app_init ] --END-- [ RunTime:0.001001s ]
INFO: [ app_begin ] --START--
INFO: Run Behavior\ReadHtmlCacheBehavior [ RunTime:0.001000s ]
INFO: [ app_begin ] --END-- [ RunTime:0.001000s ]
SQL: SHOW COLUMNS FROM `blog_message` [ RunTime:0.0070s ]
SQL: SELECT * FROM `blog_message`  [ RunTime:0.0000s ]
INFO: [ view_parse ] --START--
INFO: [ template_filter ] --START--
INFO: Run Behavior\ContentReplaceBehavior [ RunTime:0.000000s ]
INFO: [ template_filter ] --END-- [ RunTime:0.000000s ]
INFO: Run Behavior\ParseTemplateBehavior [ RunTime:0.012001s ]
INFO: [ view_parse ] --END-- [ RunTime:0.012001s ]
INFO: [ view_filter ] --START--
INFO: Run Behavior\WriteHtmlCacheBehavior [ RunTime:0.001000s ]
INFO: [ view_filter ] --END-- [ RunTime:0.001000s ]
INFO: [ app_end ] --START--
INFO: Run Behavior\ShowPageTraceBehavior [ RunTime:0.001000s ]
INFO: [ app_end ] --END-- [ RunTime:0.001000s ]

[ 2015-12-17T09:10:38+08:00 ] ::1 /newblog/index.php/Home/Message/index.html
INFO: [ app_init ] --START--
INFO: Run Behavior\BuildLiteBehavior [ RunTime:0.001000s ]
INFO: [ app_init ] --END-- [ RunTime:0.001000s ]
INFO: [ app_begin ] --START--
INFO: Run Behavior\ReadHtmlCacheBehavior [ RunTime:0.000000s ]
INFO: [ app_begin ] --END-- [ RunTime:0.000000s ]
SQL: SHOW COLUMNS FROM `blog_message` [ RunTime:0.0130s ]
SQL: SHOW COLUMNS FROM `blog_comment` [ RunTime:0.0150s ]
SQL: SELECT COUNT(*) AS tp_count FROM `blog_message` WHERE ( status=1 ) LIMIT 1   [ RunTime:0.0010s ]
SQL: SELECT * FROM `blog_message` WHERE `status` = 1 LIMIT 0,3   [ RunTime:0.0010s ]
SQL: SELECT COUNT(*) AS tp_count FROM `blog_comment` WHERE `wid` = 13 LIMIT 1   [ RunTime:0.0000s ]
SQL: SELECT * FROM `blog_comment` WHERE `wid` = 13 LIMIT 1   [ RunTime:0.0010s ]
SQL: SELECT COUNT(*) AS tp_count FROM `blog_comment` WHERE `wid` = 14 LIMIT 1   [ RunTime:0.0010s ]
SQL: SELECT * FROM `blog_comment` WHERE `wid` = 14 LIMIT 1   [ RunTime:0.0000s ]
SQL: SELECT COUNT(*) AS tp_count FROM `blog_comment` WHERE `wid` = 15 LIMIT 1   [ RunTime:0.0000s ]
SQL: SELECT * FROM `blog_comment` WHERE `wid` = 15 LIMIT 1   [ RunTime:0.0060s ]
INFO: [ view_parse ] --START--
INFO: [ template_filter ] --START--
INFO: Run Behavior\ContentReplaceBehavior [ RunTime:0.000000s ]
INFO: [ template_filter ] --END-- [ RunTime:0.000000s ]
NOTIC: [8] Use of undefined constant contentcomment - assumed 'contentcomment' D:\phpStudy\WWW\newblog\Runtime\Cache\Home\455a6242d1c94ccc41106a388080363b.php 第 173 行.
NOTIC: [8] Use of undefined constant id - assumed 'id' D:\phpStudy\WWW\newblog\Runtime\Cache\Home\455a6242d1c94ccc41106a388080363b.php 第 182 行.
NOTIC: [8] Use of undefined constant pagecount - assumed 'pagecount' D:\phpStudy\WWW\newblog\Runtime\Cache\Home\455a6242d1c94ccc41106a388080363b.php 第 196 行.
NOTIC: [8] Use of undefined constant pagecount - assumed 'pagecount' D:\phpStudy\WWW\newblog\Runtime\Cache\Home\455a6242d1c94ccc41106a388080363b.php 第 203 行.
NOTIC: [8] Use of undefined constant id - assumed 'id' D:\phpStudy\WWW\newblog\Runtime\Cache\Home\455a6242d1c94ccc41106a388080363b.php 第 207 行.
NOTIC: [8] Use of undefined constant pagecount - assumed 'pagecount' D:\phpStudy\WWW\newblog\Runtime\Cache\Home\455a6242d1c94ccc41106a388080363b.php 第 207 行.
NOTIC: [8] Use of undefined constant id - assumed 'id' D:\phpStudy\WWW\newblog\Runtime\Cache\Home\455a6242d1c94ccc41106a388080363b.php 第 209 行.
NOTIC: [8] Use of undefined constant id - assumed 'id' D:\phpStudy\WWW\newblog\Runtime\Cache\Home\455a6242d1c94ccc41106a388080363b.php 第 229 行.
NOTIC: [8] Use of undefined constant contentcomment - assumed 'contentcomment' D:\phpStudy\WWW\newblog\Runtime\Cache\Home\455a6242d1c94ccc41106a388080363b.php 第 173 行.
NOTIC: [8] Use of undefined constant id - assumed 'id' D:\phpStudy\WWW\newblog\Runtime\Cache\Home\455a6242d1c94ccc41106a388080363b.php 第 182 行.
NOTIC: [8] Use of undefined constant pagecount - assumed 'pagecount' D:\phpStudy\WWW\newblog\Runtime\Cache\Home\455a6242d1c94ccc41106a388080363b.php 第 196 行.
NOTIC: [8] Use of undefined constant pagecount - assumed 'pagecount' D:\phpStudy\WWW\newblog\Runtime\Cache\Home\455a6242d1c94ccc41106a388080363b.php 第 203 行.
NOTIC: [8] Use of undefined constant id - assumed 'id' D:\phpStudy\WWW\newblog\Runtime\Cache\Home\455a6242d1c94ccc41106a388080363b.php 第 207 行.
NOTIC: [8] Use of undefined constant pagecount - assumed 'pagecount' D:\phpStudy\WWW\newblog\Runtime\Cache\Home\455a6242d1c94ccc41106a388080363b.php 第 207 行.
NOTIC: [8] Use of undefined constant id - assumed 'id' D:\phpStudy\WWW\newblog\Runtime\Cache\Home\455a6242d1c94ccc41106a388080363b.php 第 209 行.
NOTIC: [8] Use of undefined constant id - assumed 'id' D:\phpStudy\WWW\newblog\Runtime\Cache\Home\455a6242d1c94ccc41106a388080363b.php 第 229 行.
NOTIC: [8] Use of undefined constant contentcomment - assumed 'contentcomment' D:\phpStudy\WWW\newblog\Runtime\Cache\Home\455a6242d1c94ccc41106a388080363b.php 第 173 行.
NOTIC: [8] Use of undefined constant id - assumed 'id' D:\phpStudy\WWW\newblog\Runtime\Cache\Home\455a6242d1c94ccc41106a388080363b.php 第 182 行.
NOTIC: [8] Use of undefined constant pagecount - assumed 'pagecount' D:\phpStudy\WWW\newblog\Runtime\Cache\Home\455a6242d1c94ccc41106a388080363b.php 第 196 行.
NOTIC: [8] Use of undefined constant pagecount - assumed 'pagecount' D:\phpStudy\WWW\newblog\Runtime\Cache\Home\455a6242d1c94ccc41106a388080363b.php 第 203 行.
NOTIC: [8] Use of undefined constant id - assumed 'id' D:\phpStudy\WWW\newblog\Runtime\Cache\Home\455a6242d1c94ccc41106a388080363b.php 第 207 行.
NOTIC: [8] Use of undefined constant pagecount - assumed 'pagecount' D:\phpStudy\WWW\newblog\Runtime\Cache\Home\455a6242d1c94ccc41106a388080363b.php 第 207 行.
NOTIC: [8] Use of undefined constant id - assumed 'id' D:\phpStudy\WWW\newblog\Runtime\Cache\Home\455a6242d1c94ccc41106a388080363b.php 第 209 行.
NOTIC: [8] Use of undefined constant id - assumed 'id' D:\phpStudy\WWW\newblog\Runtime\Cache\Home\455a6242d1c94ccc41106a388080363b.php 第 229 行.
INFO: Run Behavior\ParseTemplateBehavior [ RunTime:0.019001s ]
INFO: [ view_parse ] --END-- [ RunTime:0.020001s ]
INFO: [ view_filter ] --START--
INFO: Run Behavior\WriteHtmlCacheBehavior [ RunTime:0.000000s ]
INFO: [ view_filter ] --END-- [ RunTime:0.000000s ]
INFO: [ app_end ] --START--
INFO: Run Behavior\ShowPageTraceBehavior [ RunTime:0.001000s ]
INFO: [ app_end ] --END-- [ RunTime:0.001000s ]

[ 2015-12-17T09:10:54+08:00 ] ::1 /newblog/index.php/Home/Message/index.html
INFO: [ app_init ] --START--
INFO: Run Behavior\BuildLiteBehavior [ RunTime:0.000000s ]
INFO: [ app_init ] --END-- [ RunTime:0.001000s ]
INFO: [ app_begin ] --START--
INFO: Run Behavior\ReadHtmlCacheBehavior [ RunTime:0.002000s ]
INFO: [ app_begin ] --END-- [ RunTime:0.002000s ]
SQL: SHOW COLUMNS FROM `blog_message` [ RunTime:0.0080s ]
SQL: SHOW COLUMNS FROM `blog_comment` [ RunTime:0.0090s ]
SQL: INSERT INTO `blog_message` (`username`,`email`,`content`,`addtime`,`status`) VALUES ('newadmin','45645@qq.com','[心][心][心][心][心][心][心][心]','1450314654','2') [ RunTime:0.0010s ]
INFO: [ view_parse ] --START--
INFO: [ template_filter ] --START--
INFO: Run Behavior\ContentReplaceBehavior [ RunTime:0.000000s ]
INFO: [ template_filter ] --END-- [ RunTime:0.000000s ]
INFO: Run Behavior\ParseTemplateBehavior [ RunTime:0.014001s ]
INFO: [ view_parse ] --END-- [ RunTime:0.014001s ]
INFO: [ view_filter ] --START--
INFO: Run Behavior\WriteHtmlCacheBehavior [ RunTime:0.001000s ]
INFO: [ view_filter ] --END-- [ RunTime:0.001000s ]
INFO: [ app_end ] --START--
INFO: Run Behavior\ShowPageTraceBehavior [ RunTime:0.002000s ]
INFO: [ app_end ] --END-- [ RunTime:0.002000s ]

[ 2015-12-17T09:10:55+08:00 ] ::1 /newblog/index.php/Home/Message/index.html
INFO: [ app_init ] --START--
INFO: Run Behavior\BuildLiteBehavior [ RunTime:0.000000s ]
INFO: [ app_init ] --END-- [ RunTime:0.001000s ]
INFO: [ app_begin ] --START--
INFO: Run Behavior\ReadHtmlCacheBehavior [ RunTime:0.002000s ]
INFO: [ app_begin ] --END-- [ RunTime:0.002000s ]
SQL: SHOW COLUMNS FROM `blog_message` [ RunTime:0.0070s ]
SQL: SHOW COLUMNS FROM `blog_comment` [ RunTime:0.0080s ]
SQL: SELECT COUNT(*) AS tp_count FROM `blog_message` WHERE ( status=1 ) LIMIT 1   [ RunTime:0.0010s ]
SQL: SELECT * FROM `blog_message` WHERE `status` = 1 LIMIT 0,3   [ RunTime:0.0000s ]
SQL: SELECT COUNT(*) AS tp_count FROM `blog_comment` WHERE `wid` = 13 LIMIT 1   [ RunTime:0.0000s ]
SQL: SELECT * FROM `blog_comment` WHERE `wid` = 13 LIMIT 1   [ RunTime:0.0000s ]
SQL: SELECT COUNT(*) AS tp_count FROM `blog_comment` WHERE `wid` = 14 LIMIT 1   [ RunTime:0.0000s ]
SQL: SELECT * FROM `blog_comment` WHERE `wid` = 14 LIMIT 1   [ RunTime:0.0000s ]
SQL: SELECT COUNT(*) AS tp_count FROM `blog_comment` WHERE `wid` = 15 LIMIT 1   [ RunTime:0.0000s ]
SQL: SELECT * FROM `blog_comment` WHERE `wid` = 15 LIMIT 1   [ RunTime:0.0000s ]
INFO: [ view_parse ] --START--
INFO: [ template_filter ] --START--
INFO: Run Behavior\ContentReplaceBehavior [ RunTime:0.000000s ]
INFO: [ template_filter ] --END-- [ RunTime:0.000000s ]
NOTIC: [8] Use of undefined constant contentcomment - assumed 'contentcomment' D:\phpStudy\WWW\newblog\Runtime\Cache\Home\455a6242d1c94ccc41106a388080363b.php 第 173 行.
NOTIC: [8] Use of undefined constant id - assumed 'id' D:\phpStudy\WWW\newblog\Runtime\Cache\Home\455a6242d1c94ccc41106a388080363b.php 第 182 行.
NOTIC: [8] Use of undefined constant pagecount - assumed 'pagecount' D:\phpStudy\WWW\newblog\Runtime\Cache\Home\455a6242d1c94ccc41106a388080363b.php 第 196 行.
NOTIC: [8] Use of undefined constant pagecount - assumed 'pagecount' D:\phpStudy\WWW\newblog\Runtime\Cache\Home\455a6242d1c94ccc41106a388080363b.php 第 203 行.
NOTIC: [8] Use of undefined constant id - assumed 'id' D:\phpStudy\WWW\newblog\Runtime\Cache\Home\455a6242d1c94ccc41106a388080363b.php 第 207 行.
NOTIC: [8] Use of undefined constant pagecount - assumed 'pagecount' D:\phpStudy\WWW\newblog\Runtime\Cache\Home\455a6242d1c94ccc41106a388080363b.php 第 207 行.
NOTIC: [8] Use of undefined constant id - assumed 'id' D:\phpStudy\WWW\newblog\Runtime\Cache\Home\455a6242d1c94ccc41106a388080363b.php 第 209 行.
NOTIC: [8] Use of undefined constant id - assumed 'id' D:\phpStudy\WWW\newblog\Runtime\Cache\Home\455a6242d1c94ccc41106a388080363b.php 第 229 行.
NOTIC: [8] Use of undefined constant contentcomment - assumed 'contentcomment' D:\phpStudy\WWW\newblog\Runtime\Cache\Home\455a6242d1c94ccc41106a388080363b.php 第 173 行.
NOTIC: [8] Use of undefined constant id - assumed 'id' D:\phpStudy\WWW\newblog\Runtime\Cache\Home\455a6242d1c94ccc41106a388080363b.php 第 182 行.
NOTIC: [8] Use of undefined constant pagecount - assumed 'pagecount' D:\phpStudy\WWW\newblog\Runtime\Cache\Home\455a6242d1c94ccc41106a388080363b.php 第 196 行.
NOTIC: [8] Use of undefined constant pagecount - assumed 'pagecount' D:\phpStudy\WWW\newblog\Runtime\Cache\Home\455a6242d1c94ccc41106a388080363b.php 第 203 行.
NOTIC: [8] Use of undefined constant id - assumed 'id' D:\phpStudy\WWW\newblog\Runtime\Cache\Home\455a6242d1c94ccc41106a388080363b.php 第 207 行.
NOTIC: [8] Use of undefined constant pagecount - assumed 'pagecount' D:\phpStudy\WWW\newblog\Runtime\Cache\Home\455a6242d1c94ccc41106a388080363b.php 第 207 行.
NOTIC: [8] Use of undefined constant id - assumed 'id' D:\phpStudy\WWW\newblog\Runtime\Cache\Home\455a6242d1c94ccc41106a388080363b.php 第 209 行.
NOTIC: [8] Use of undefined constant id - assumed 'id' D:\phpStudy\WWW\newblog\Runtime\Cache\Home\455a6242d1c94ccc41106a388080363b.php 第 229 行.
NOTIC: [8] Use of undefined constant contentcomment - assumed 'contentcomment' D:\phpStudy\WWW\newblog\Runtime\Cache\Home\455a6242d1c94ccc41106a388080363b.php 第 173 行.
NOTIC: [8] Use of undefined constant id - assumed 'id' D:\phpStudy\WWW\newblog\Runtime\Cache\Home\455a6242d1c94ccc41106a388080363b.php 第 182 行.
NOTIC: [8] Use of undefined constant pagecount - assumed 'pagecount' D:\phpStudy\WWW\newblog\Runtime\Cache\Home\455a6242d1c94ccc41106a388080363b.php 第 196 行.
NOTIC: [8] Use of undefined constant pagecount - assumed 'pagecount' D:\phpStudy\WWW\newblog\Runtime\Cache\Home\455a6242d1c94ccc41106a388080363b.php 第 203 行.
NOTIC: [8] Use of undefined constant id - assumed 'id' D:\phpStudy\WWW\newblog\Runtime\Cache\Home\455a6242d1c94ccc41106a388080363b.php 第 207 行.
NOTIC: [8] Use of undefined constant pagecount - assumed 'pagecount' D:\phpStudy\WWW\newblog\Runtime\Cache\Home\455a6242d1c94ccc41106a388080363b.php 第 207 行.
NOTIC: [8] Use of undefined constant id - assumed 'id' D:\phpStudy\WWW\newblog\Runtime\Cache\Home\455a6242d1c94ccc41106a388080363b.php 第 209 行.
NOTIC: [8] Use of undefined constant id - assumed 'id' D:\phpStudy\WWW\newblog\Runtime\Cache\Home\455a6242d1c94ccc41106a388080363b.php 第 229 行.
INFO: Run Behavior\ParseTemplateBehavior [ RunTime:0.019001s ]
INFO: [ view_parse ] --END-- [ RunTime:0.020001s ]
INFO: [ view_filter ] --START--
INFO: Run Behavior\WriteHtmlCacheBehavior [ RunTime:0.002000s ]
INFO: [ view_filter ] --END-- [ RunTime:0.002000s ]
INFO: [ app_end ] --START--
INFO: Run Behavior\ShowPageTraceBehavior [ RunTime:0.002001s ]
INFO: [ app_end ] --END-- [ RunTime:0.002001s ]

[ 2015-12-17T09:11:05+08:00 ] ::1 /newblog/index.php/Home/Message/index.html
INFO: [ app_init ] --START--
INFO: Run Behavior\BuildLiteBehavior [ RunTime:0.000000s ]
INFO: [ app_init ] --END-- [ RunTime:0.001000s ]
INFO: [ app_begin ] --START--
INFO: Run Behavior\ReadHtmlCacheBehavior [ RunTime:0.001000s ]
INFO: [ app_begin ] --END-- [ RunTime:0.001000s ]
SQL: SHOW COLUMNS FROM `blog_message` [ RunTime:0.0100s ]
SQL: SHOW COLUMNS FROM `blog_comment` [ RunTime:0.0070s ]
SQL: INSERT INTO `blog_message` (`username`,`email`,`content`,`addtime`,`status`) VALUES ('fzzadmin','45645@qq.com','[心][心][心][心][心][心][右哼哼]','1450314665','2') [ RunTime:0.0000s ]
INFO: [ view_parse ] --START--
INFO: [ template_filter ] --START--
INFO: Run Behavior\ContentReplaceBehavior [ RunTime:0.000000s ]
INFO: [ template_filter ] --END-- [ RunTime:0.000000s ]
INFO: Run Behavior\ParseTemplateBehavior [ RunTime:0.009000s ]
INFO: [ view_parse ] --END-- [ RunTime:0.009000s ]
INFO: [ view_filter ] --START--
INFO: Run Behavior\WriteHtmlCacheBehavior [ RunTime:0.000000s ]
INFO: [ view_filter ] --END-- [ RunTime:0.000000s ]
INFO: [ app_end ] --START--
INFO: Run Behavior\ShowPageTraceBehavior [ RunTime:0.001000s ]
INFO: [ app_end ] --END-- [ RunTime:0.001000s ]

[ 2015-12-17T09:11:06+08:00 ] ::1 /newblog/index.php/Home/Message/index.html
INFO: [ app_init ] --START--
INFO: Run Behavior\BuildLiteBehavior [ RunTime:0.000000s ]
INFO: [ app_init ] --END-- [ RunTime:0.001000s ]
INFO: [ app_begin ] --START--
INFO: Run Behavior\ReadHtmlCacheBehavior [ RunTime:0.001000s ]
INFO: [ app_begin ] --END-- [ RunTime:0.001000s ]
SQL: SHOW COLUMNS FROM `blog_message` [ RunTime:0.0080s ]
SQL: SHOW COLUMNS FROM `blog_comment` [ RunTime:0.0070s ]
SQL: SELECT COUNT(*) AS tp_count FROM `blog_message` WHERE ( status=1 ) LIMIT 1   [ RunTime:0.0000s ]
SQL: SELECT * FROM `blog_message` WHERE `status` = 1 LIMIT 0,3   [ RunTime:0.0010s ]
SQL: SELECT COUNT(*) AS tp_count FROM `blog_comment` WHERE `wid` = 13 LIMIT 1   [ RunTime:0.0000s ]
SQL: SELECT * FROM `blog_comment` WHERE `wid` = 13 LIMIT 1   [ RunTime:0.0010s ]
SQL: SELECT COUNT(*) AS tp_count FROM `blog_comment` WHERE `wid` = 14 LIMIT 1   [ RunTime:0.0010s ]
SQL: SELECT * FROM `blog_comment` WHERE `wid` = 14 LIMIT 1   [ RunTime:0.0000s ]
SQL: SELECT COUNT(*) AS tp_count FROM `blog_comment` WHERE `wid` = 15 LIMIT 1   [ RunTime:0.0020s ]
SQL: SELECT * FROM `blog_comment` WHERE `wid` = 15 LIMIT 1   [ RunTime:0.0000s ]
INFO: [ view_parse ] --START--
INFO: [ template_filter ] --START--
INFO: Run Behavior\ContentReplaceBehavior [ RunTime:0.001001s ]
INFO: [ template_filter ] --END-- [ RunTime:0.001001s ]
NOTIC: [8] Use of undefined constant contentcomment - assumed 'contentcomment' D:\phpStudy\WWW\newblog\Runtime\Cache\Home\455a6242d1c94ccc41106a388080363b.php 第 173 行.
NOTIC: [8] Use of undefined constant id - assumed 'id' D:\phpStudy\WWW\newblog\Runtime\Cache\Home\455a6242d1c94ccc41106a388080363b.php 第 182 行.
NOTIC: [8] Use of undefined constant pagecount - assumed 'pagecount' D:\phpStudy\WWW\newblog\Runtime\Cache\Home\455a6242d1c94ccc41106a388080363b.php 第 196 行.
NOTIC: [8] Use of undefined constant pagecount - assumed 'pagecount' D:\phpStudy\WWW\newblog\Runtime\Cache\Home\455a6242d1c94ccc41106a388080363b.php 第 203 行.
NOTIC: [8] Use of undefined constant id - assumed 'id' D:\phpStudy\WWW\newblog\Runtime\Cache\Home\455a6242d1c94ccc41106a388080363b.php 第 207 行.
NOTIC: [8] Use of undefined constant pagecount - assumed 'pagecount' D:\phpStudy\WWW\newblog\Runtime\Cache\Home\455a6242d1c94ccc41106a388080363b.php 第 207 行.
NOTIC: [8] Use of undefined constant id - assumed 'id' D:\phpStudy\WWW\newblog\Runtime\Cache\Home\455a6242d1c94ccc41106a388080363b.php 第 209 行.
NOTIC: [8] Use of undefined constant id - assumed 'id' D:\phpStudy\WWW\newblog\Runtime\Cache\Home\455a6242d1c94ccc41106a388080363b.php 第 229 行.
NOTIC: [8] Use of undefined constant contentcomment - assumed 'contentcomment' D:\phpStudy\WWW\newblog\Runtime\Cache\Home\455a6242d1c94ccc41106a388080363b.php 第 173 行.
NOTIC: [8] Use of undefined constant id - assumed 'id' D:\phpStudy\WWW\newblog\Runtime\Cache\Home\455a6242d1c94ccc41106a388080363b.php 第 182 行.
NOTIC: [8] Use of undefined constant pagecount - assumed 'pagecount' D:\phpStudy\WWW\newblog\Runtime\Cache\Home\455a6242d1c94ccc41106a388080363b.php 第 196 行.
NOTIC: [8] Use of undefined constant pagecount - assumed 'pagecount' D:\phpStudy\WWW\newblog\Runtime\Cache\Home\455a6242d1c94ccc41106a388080363b.php 第 203 行.
NOTIC: [8] Use of undefined constant id - assumed 'id' D:\phpStudy\WWW\newblog\Runtime\Cache\Home\455a6242d1c94ccc41106a388080363b.php 第 207 行.
NOTIC: [8] Use of undefined constant pagecount - assumed 'pagecount' D:\phpStudy\WWW\newblog\Runtime\Cache\Home\455a6242d1c94ccc41106a388080363b.php 第 207 行.
NOTIC: [8] Use of undefined constant id - assumed 'id' D:\phpStudy\WWW\newblog\Runtime\Cache\Home\455a6242d1c94ccc41106a388080363b.php 第 209 行.
NOTIC: [8] Use of undefined constant id - assumed 'id' D:\phpStudy\WWW\newblog\Runtime\Cache\Home\455a6242d1c94ccc41106a388080363b.php 第 229 行.
NOTIC: [8] Use of undefined constant contentcomment - assumed 'contentcomment' D:\phpStudy\WWW\newblog\Runtime\Cache\Home\455a6242d1c94ccc41106a388080363b.php 第 173 行.
NOTIC: [8] Use of undefined constant id - assumed 'id' D:\phpStudy\WWW\newblog\Runtime\Cache\Home\455a6242d1c94ccc41106a388080363b.php 第 182 行.
NOTIC: [8] Use of undefined constant pagecount - assumed 'pagecount' D:\phpStudy\WWW\newblog\Runtime\Cache\Home\455a6242d1c94ccc41106a388080363b.php 第 196 行.
NOTIC: [8] Use of undefined constant pagecount - assumed 'pagecount' D:\phpStudy\WWW\newblog\Runtime\Cache\Home\455a6242d1c94ccc41106a388080363b.php 第 203 行.
NOTIC: [8] Use of undefined constant id - assumed 'id' D:\phpStudy\WWW\newblog\Runtime\Cache\Home\455a6242d1c94ccc41106a388080363b.php 第 207 行.
NOTIC: [8] Use of undefined constant pagecount - assumed 'pagecount' D:\phpStudy\WWW\newblog\Runtime\Cache\Home\455a6242d1c94ccc41106a388080363b.php 第 207 行.
NOTIC: [8] Use of undefined constant id - assumed 'id' D:\phpStudy\WWW\newblog\Runtime\Cache\Home\455a6242d1c94ccc41106a388080363b.php 第 209 行.
NOTIC: [8] Use of undefined constant id - assumed 'id' D:\phpStudy\WWW\newblog\Runtime\Cache\Home\455a6242d1c94ccc41106a388080363b.php 第 229 行.
INFO: Run Behavior\ParseTemplateBehavior [ RunTime:0.018001s ]
INFO: [ view_parse ] --END-- [ RunTime:0.018001s ]
INFO: [ view_filter ] --START--
INFO: Run Behavior\WriteHtmlCacheBehavior [ RunTime:0.001000s ]
INFO: [ view_filter ] --END-- [ RunTime:0.002000s ]
INFO: [ app_end ] --START--
INFO: Run Behavior\ShowPageTraceBehavior [ RunTime:0.001000s ]
INFO: [ app_end ] --END-- [ RunTime:0.001000s ]

[ 2015-12-17T09:11:18+08:00 ] ::1 /newblog/index.php/Home/Message/index.html
INFO: [ app_init ] --START--
INFO: Run Behavior\BuildLiteBehavior [ RunTime:0.000000s ]
INFO: [ app_init ] --END-- [ RunTime:0.000000s ]
INFO: [ app_begin ] --START--
INFO: Run Behavior\ReadHtmlCacheBehavior [ RunTime:0.001000s ]
INFO: [ app_begin ] --END-- [ RunTime:0.001000s ]
SQL: SHOW COLUMNS FROM `blog_message` [ RunTime:0.0090s ]
SQL: SHOW COLUMNS FROM `blog_comment` [ RunTime:0.0070s ]
SQL: INSERT INTO `blog_message` (`username`,`email`,`content`,`addtime`,`status`) VALUES ('&lt;script&gt;alert(\'55555\');&lt;/script&gt;','45645@qq.com','asdasdasd[困][阴险]','1450314678','2') [ RunTime:0.0000s ]
INFO: [ view_parse ] --START--
INFO: [ template_filter ] --START--
INFO: Run Behavior\ContentReplaceBehavior [ RunTime:0.000000s ]
INFO: [ template_filter ] --END-- [ RunTime:0.000000s ]
INFO: Run Behavior\ParseTemplateBehavior [ RunTime:0.010001s ]
INFO: [ view_parse ] --END-- [ RunTime:0.010001s ]
INFO: [ view_filter ] --START--
INFO: Run Behavior\WriteHtmlCacheBehavior [ RunTime:0.001000s ]
INFO: [ view_filter ] --END-- [ RunTime:0.001000s ]
INFO: [ app_end ] --START--
INFO: Run Behavior\ShowPageTraceBehavior [ RunTime:0.001000s ]
INFO: [ app_end ] --END-- [ RunTime:0.001000s ]

[ 2015-12-17T09:11:19+08:00 ] ::1 /newblog/index.php/Home/Message/index.html
INFO: [ app_init ] --START--
INFO: Run Behavior\BuildLiteBehavior [ RunTime:0.000000s ]
INFO: [ app_init ] --END-- [ RunTime:0.001000s ]
INFO: [ app_begin ] --START--
INFO: Run Behavior\ReadHtmlCacheBehavior [ RunTime:0.001000s ]
INFO: [ app_begin ] --END-- [ RunTime:0.001000s ]
SQL: SHOW COLUMNS FROM `blog_message` [ RunTime:0.0080s ]
SQL: SHOW COLUMNS FROM `blog_comment` [ RunTime:0.0070s ]
SQL: SELECT COUNT(*) AS tp_count FROM `blog_message` WHERE ( status=1 ) LIMIT 1   [ RunTime:0.0000s ]
SQL: SELECT * FROM `blog_message` WHERE `status` = 1 LIMIT 0,3   [ RunTime:0.0010s ]
SQL: SELECT COUNT(*) AS tp_count FROM `blog_comment` WHERE `wid` = 13 LIMIT 1   [ RunTime:0.0000s ]
SQL: SELECT * FROM `blog_comment` WHERE `wid` = 13 LIMIT 1   [ RunTime:0.0010s ]
SQL: SELECT COUNT(*) AS tp_count FROM `blog_comment` WHERE `wid` = 14 LIMIT 1   [ RunTime:0.0000s ]
SQL: SELECT * FROM `blog_comment` WHERE `wid` = 14 LIMIT 1   [ RunTime:0.0010s ]
SQL: SELECT COUNT(*) AS tp_count FROM `blog_comment` WHERE `wid` = 15 LIMIT 1   [ RunTime:0.0010s ]
SQL: SELECT * FROM `blog_comment` WHERE `wid` = 15 LIMIT 1   [ RunTime:0.0000s ]
INFO: [ view_parse ] --START--
INFO: [ template_filter ] --START--
INFO: Run Behavior\ContentReplaceBehavior [ RunTime:0.000000s ]
INFO: [ template_filter ] --END-- [ RunTime:0.000000s ]
NOTIC: [8] Use of undefined constant contentcomment - assumed 'contentcomment' D:\phpStudy\WWW\newblog\Runtime\Cache\Home\455a6242d1c94ccc41106a388080363b.php 第 173 行.
NOTIC: [8] Use of undefined constant id - assumed 'id' D:\phpStudy\WWW\newblog\Runtime\Cache\Home\455a6242d1c94ccc41106a388080363b.php 第 182 行.
NOTIC: [8] Use of undefined constant pagecount - assumed 'pagecount' D:\phpStudy\WWW\newblog\Runtime\Cache\Home\455a6242d1c94ccc41106a388080363b.php 第 196 行.
NOTIC: [8] Use of undefined constant pagecount - assumed 'pagecount' D:\phpStudy\WWW\newblog\Runtime\Cache\Home\455a6242d1c94ccc41106a388080363b.php 第 203 行.
NOTIC: [8] Use of undefined constant id - assumed 'id' D:\phpStudy\WWW\newblog\Runtime\Cache\Home\455a6242d1c94ccc41106a388080363b.php 第 207 行.
NOTIC: [8] Use of undefined constant pagecount - assumed 'pagecount' D:\phpStudy\WWW\newblog\Runtime\Cache\Home\455a6242d1c94ccc41106a388080363b.php 第 207 行.
NOTIC: [8] Use of undefined constant id - assumed 'id' D:\phpStudy\WWW\newblog\Runtime\Cache\Home\455a6242d1c94ccc41106a388080363b.php 第 209 行.
NOTIC: [8] Use of undefined constant id - assumed 'id' D:\phpStudy\WWW\newblog\Runtime\Cache\Home\455a6242d1c94ccc41106a388080363b.php 第 229 行.
NOTIC: [8] Use of undefined constant contentcomment - assumed 'contentcomment' D:\phpStudy\WWW\newblog\Runtime\Cache\Home\455a6242d1c94ccc41106a388080363b.php 第 173 行.
NOTIC: [8] Use of undefined constant id - assumed 'id' D:\phpStudy\WWW\newblog\Runtime\Cache\Home\455a6242d1c94ccc41106a388080363b.php 第 182 行.
NOTIC: [8] Use of undefined constant pagecount - assumed 'pagecount' D:\phpStudy\WWW\newblog\Runtime\Cache\Home\455a6242d1c94ccc41106a388080363b.php 第 196 行.
NOTIC: [8] Use of undefined constant pagecount - assumed 'pagecount' D:\phpStudy\WWW\newblog\Runtime\Cache\Home\455a6242d1c94ccc41106a388080363b.php 第 203 行.
NOTIC: [8] Use of undefined constant id - assumed 'id' D:\phpStudy\WWW\newblog\Runtime\Cache\Home\455a6242d1c94ccc41106a388080363b.php 第 207 行.
NOTIC: [8] Use of undefined constant pagecount - assumed 'pagecount' D:\phpStudy\WWW\newblog\Runtime\Cache\Home\455a6242d1c94ccc41106a388080363b.php 第 207 行.
NOTIC: [8] Use of undefined constant id - assumed 'id' D:\phpStudy\WWW\newblog\Runtime\Cache\Home\455a6242d1c94ccc41106a388080363b.php 第 209 行.
NOTIC: [8] Use of undefined constant id - assumed 'id' D:\phpStudy\WWW\newblog\Runtime\Cache\Home\455a6242d1c94ccc41106a388080363b.php 第 229 行.
NOTIC: [8] Use of undefined constant contentcomment - assumed 'contentcomment' D:\phpStudy\WWW\newblog\Runtime\Cache\Home\455a6242d1c94ccc41106a388080363b.php 第 173 行.
NOTIC: [8] Use of undefined constant id - assumed 'id' D:\phpStudy\WWW\newblog\Runtime\Cache\Home\455a6242d1c94ccc41106a388080363b.php 第 182 行.
NOTIC: [8] Use of undefined constant pagecount - assumed 'pagecount' D:\phpStudy\WWW\newblog\Runtime\Cache\Home\455a6242d1c94ccc41106a388080363b.php 第 196 行.
NOTIC: [8] Use of undefined constant pagecount - assumed 'pagecount' D:\phpStudy\WWW\newblog\Runtime\Cache\Home\455a6242d1c94ccc41106a388080363b.php 第 203 行.
NOTIC: [8] Use of undefined constant id - assumed 'id' D:\phpStudy\WWW\newblog\Runtime\Cache\Home\455a6242d1c94ccc41106a388080363b.php 第 207 行.
NOTIC: [8] Use of undefined constant pagecount - assumed 'pagecount' D:\phpStudy\WWW\newblog\Runtime\Cache\Home\455a6242d1c94ccc41106a388080363b.php 第 207 行.
NOTIC: [8] Use of undefined constant id - assumed 'id' D:\phpStudy\WWW\newblog\Runtime\Cache\Home\455a6242d1c94ccc41106a388080363b.php 第 209 行.
NOTIC: [8] Use of undefined constant id - assumed 'id' D:\phpStudy\WWW\newblog\Runtime\Cache\Home\455a6242d1c94ccc41106a388080363b.php 第 229 行.
INFO: Run Behavior\ParseTemplateBehavior [ RunTime:0.019001s ]
INFO: [ view_parse ] --END-- [ RunTime:0.019001s ]
INFO: [ view_filter ] --START--
INFO: Run Behavior\WriteHtmlCacheBehavior [ RunTime:0.001000s ]
INFO: [ view_filter ] --END-- [ RunTime:0.001000s ]
INFO: [ app_end ] --START--
INFO: Run Behavior\ShowPageTraceBehavior [ RunTime:0.002000s ]
INFO: [ app_end ] --END-- [ RunTime:0.002000s ]

[ 2015-12-17T09:11:33+08:00 ] ::1 /newblog/index.php/Home/Message/index.html
INFO: [ app_init ] --START--
INFO: Run Behavior\BuildLiteBehavior [ RunTime:0.000000s ]
INFO: [ app_init ] --END-- [ RunTime:0.000000s ]
INFO: [ app_begin ] --START--
INFO: Run Behavior\ReadHtmlCacheBehavior [ RunTime:0.001000s ]
INFO: [ app_begin ] --END-- [ RunTime:0.001000s ]
SQL: SHOW COLUMNS FROM `blog_message` [ RunTime:0.0070s ]
SQL: SHOW COLUMNS FROM `blog_comment` [ RunTime:0.0100s ]
SQL: INSERT INTO `blog_message` (`username`,`email`,`content`,`addtime`,`status`) VALUES ('唯品会','sd@qq.com','asdagbjghjghj[困][睡]','1450314693','2') [ RunTime:0.0000s ]
INFO: [ view_parse ] --START--
INFO: [ template_filter ] --START--
INFO: Run Behavior\ContentReplaceBehavior [ RunTime:0.000000s ]
INFO: [ template_filter ] --END-- [ RunTime:0.000000s ]
INFO: Run Behavior\ParseTemplateBehavior [ RunTime:0.009000s ]
INFO: [ view_parse ] --END-- [ RunTime:0.009000s ]
INFO: [ view_filter ] --START--
INFO: Run Behavior\WriteHtmlCacheBehavior [ RunTime:0.001000s ]
INFO: [ view_filter ] --END-- [ RunTime:0.001000s ]
INFO: [ app_end ] --START--
INFO: Run Behavior\ShowPageTraceBehavior [ RunTime:0.001000s ]
INFO: [ app_end ] --END-- [ RunTime:0.001000s ]

[ 2015-12-17T09:11:34+08:00 ] ::1 /newblog/index.php/Home/Message/index.html
INFO: [ app_init ] --START--
INFO: Run Behavior\BuildLiteBehavior [ RunTime:0.000000s ]
INFO: [ app_init ] --END-- [ RunTime:0.001000s ]
INFO: [ app_begin ] --START--
INFO: Run Behavior\ReadHtmlCacheBehavior [ RunTime:0.001000s ]
INFO: [ app_begin ] --END-- [ RunTime:0.001000s ]
SQL: SHOW COLUMNS FROM `blog_message` [ RunTime:0.0080s ]
SQL: SHOW COLUMNS FROM `blog_comment` [ RunTime:0.0080s ]
SQL: SELECT COUNT(*) AS tp_count FROM `blog_message` WHERE ( status=1 ) LIMIT 1   [ RunTime:0.0000s ]
SQL: SELECT * FROM `blog_message` WHERE `status` = 1 LIMIT 0,3   [ RunTime:0.0000s ]
SQL: SELECT COUNT(*) AS tp_count FROM `blog_comment` WHERE `wid` = 13 LIMIT 1   [ RunTime:0.0000s ]
SQL: SELECT * FROM `blog_comment` WHERE `wid` = 13 LIMIT 1   [ RunTime:0.0000s ]
SQL: SELECT COUNT(*) AS tp_count FROM `blog_comment` WHERE `wid` = 14 LIMIT 1   [ RunTime:0.0000s ]
SQL: SELECT * FROM `blog_comment` WHERE `wid` = 14 LIMIT 1   [ RunTime:0.0010s ]
SQL: SELECT COUNT(*) AS tp_count FROM `blog_comment` WHERE `wid` = 15 LIMIT 1   [ RunTime:0.0010s ]
SQL: SELECT * FROM `blog_comment` WHERE `wid` = 15 LIMIT 1   [ RunTime:0.0000s ]
INFO: [ view_parse ] --START--
INFO: [ template_filter ] --START--
INFO: Run Behavior\ContentReplaceBehavior [ RunTime:0.000000s ]
INFO: [ template_filter ] --END-- [ RunTime:0.000000s ]
NOTIC: [8] Use of undefined constant contentcomment - assumed 'contentcomment' D:\phpStudy\WWW\newblog\Runtime\Cache\Home\455a6242d1c94ccc41106a388080363b.php 第 173 行.
NOTIC: [8] Use of undefined constant id - assumed 'id' D:\phpStudy\WWW\newblog\Runtime\Cache\Home\455a6242d1c94ccc41106a388080363b.php 第 182 行.
NOTIC: [8] Use of undefined constant pagecount - assumed 'pagecount' D:\phpStudy\WWW\newblog\Runtime\Cache\Home\455a6242d1c94ccc41106a388080363b.php 第 196 行.
NOTIC: [8] Use of undefined constant pagecount - assumed 'pagecount' D:\phpStudy\WWW\newblog\Runtime\Cache\Home\455a6242d1c94ccc41106a388080363b.php 第 203 行.
NOTIC: [8] Use of undefined constant id - assumed 'id' D:\phpStudy\WWW\newblog\Runtime\Cache\Home\455a6242d1c94ccc41106a388080363b.php 第 207 行.
NOTIC: [8] Use of undefined constant pagecount - assumed 'pagecount' D:\phpStudy\WWW\newblog\Runtime\Cache\Home\455a6242d1c94ccc41106a388080363b.php 第 207 行.
NOTIC: [8] Use of undefined constant id - assumed 'id' D:\phpStudy\WWW\newblog\Runtime\Cache\Home\455a6242d1c94ccc41106a388080363b.php 第 209 行.
NOTIC: [8] Use of undefined constant id - assumed 'id' D:\phpStudy\WWW\newblog\Runtime\Cache\Home\455a6242d1c94ccc41106a388080363b.php 第 229 行.
NOTIC: [8] Use of undefined constant contentcomment - assumed 'contentcomment' D:\phpStudy\WWW\newblog\Runtime\Cache\Home\455a6242d1c94ccc41106a388080363b.php 第 173 行.
NOTIC: [8] Use of undefined constant id - assumed 'id' D:\phpStudy\WWW\newblog\Runtime\Cache\Home\455a6242d1c94ccc41106a388080363b.php 第 182 行.
NOTIC: [8] Use of undefined constant pagecount - assumed 'pagecount' D:\phpStudy\WWW\newblog\Runtime\Cache\Home\455a6242d1c94ccc41106a388080363b.php 第 196 行.
NOTIC: [8] Use of undefined constant pagecount - assumed 'pagecount' D:\phpStudy\WWW\newblog\Runtime\Cache\Home\455a6242d1c94ccc41106a388080363b.php 第 203 行.
NOTIC: [8] Use of undefined constant id - assumed 'id' D:\phpStudy\WWW\newblog\Runtime\Cache\Home\455a6242d1c94ccc41106a388080363b.php 第 207 行.
NOTIC: [8] Use of undefined constant pagecount - assumed 'pagecount' D:\phpStudy\WWW\newblog\Runtime\Cache\Home\455a6242d1c94ccc41106a388080363b.php 第 207 行.
NOTIC: [8] Use of undefined constant id - assumed 'id' D:\phpStudy\WWW\newblog\Runtime\Cache\Home\455a6242d1c94ccc41106a388080363b.php 第 209 行.
NOTIC: [8] Use of undefined constant id - assumed 'id' D:\phpStudy\WWW\newblog\Runtime\Cache\Home\455a6242d1c94ccc41106a388080363b.php 第 229 行.
NOTIC: [8] Use of undefined constant contentcomment - assumed 'contentcomment' D:\phpStudy\WWW\newblog\Runtime\Cache\Home\455a6242d1c94ccc41106a388080363b.php 第 173 行.
NOTIC: [8] Use of undefined constant id - assumed 'id' D:\phpStudy\WWW\newblog\Runtime\Cache\Home\455a6242d1c94ccc41106a388080363b.php 第 182 行.
NOTIC: [8] Use of undefined constant pagecount - assumed 'pagecount' D:\phpStudy\WWW\newblog\Runtime\Cache\Home\455a6242d1c94ccc41106a388080363b.php 第 196 行.
NOTIC: [8] Use of undefined constant pagecount - assumed 'pagecount' D:\phpStudy\WWW\newblog\Runtime\Cache\Home\455a6242d1c94ccc41106a388080363b.php 第 203 行.
NOTIC: [8] Use of undefined constant id - assumed 'id' D:\phpStudy\WWW\newblog\Runtime\Cache\Home\455a6242d1c94ccc41106a388080363b.php 第 207 行.
NOTIC: [8] Use of undefined constant pagecount - assumed 'pagecount' D:\phpStudy\WWW\newblog\Runtime\Cache\Home\455a6242d1c94ccc41106a388080363b.php 第 207 行.
NOTIC: [8] Use of undefined constant id - assumed 'id' D:\phpStudy\WWW\newblog\Runtime\Cache\Home\455a6242d1c94ccc41106a388080363b.php 第 209 行.
NOTIC: [8] Use of undefined constant id - assumed 'id' D:\phpStudy\WWW\newblog\Runtime\Cache\Home\455a6242d1c94ccc41106a388080363b.php 第 229 行.
INFO: Run Behavior\ParseTemplateBehavior [ RunTime:0.017001s ]
INFO: [ view_parse ] --END-- [ RunTime:0.017001s ]
INFO: [ view_filter ] --START--
INFO: Run Behavior\WriteHtmlCacheBehavior [ RunTime:0.000000s ]
INFO: [ view_filter ] --END-- [ RunTime:0.001000s ]
INFO: [ app_end ] --START--
INFO: Run Behavior\ShowPageTraceBehavior [ RunTime:0.001000s ]
INFO: [ app_end ] --END-- [ RunTime:0.001000s ]

[ 2015-12-17T09:11:50+08:00 ] ::1 /newblog/index.php/Home/Message/index.html
INFO: [ app_init ] --START--
INFO: Run Behavior\BuildLiteBehavior [ RunTime:0.000000s ]
INFO: [ app_init ] --END-- [ RunTime:0.001000s ]
INFO: [ app_begin ] --START--
INFO: Run Behavior\ReadHtmlCacheBehavior [ RunTime:0.001000s ]
INFO: [ app_begin ] --END-- [ RunTime:0.001000s ]
SQL: SHOW COLUMNS FROM `blog_message` [ RunTime:0.0090s ]
SQL: SHOW COLUMNS FROM `blog_comment` [ RunTime:0.0080s ]
SQL: INSERT INTO `blog_message` (`username`,`email`,`content`,`addtime`,`status`) VALUES ('add_promotion','13005571789@163.com','werwerweryui678678678[抓狂]','1450314710','2') [ RunTime:0.0010s ]
INFO: [ view_parse ] --START--
INFO: [ template_filter ] --START--
INFO: Run Behavior\ContentReplaceBehavior [ RunTime:0.000000s ]
INFO: [ template_filter ] --END-- [ RunTime:0.000000s ]
INFO: Run Behavior\ParseTemplateBehavior [ RunTime:0.011001s ]
INFO: [ view_parse ] --END-- [ RunTime:0.011001s ]
INFO: [ view_filter ] --START--
INFO: Run Behavior\WriteHtmlCacheBehavior [ RunTime:0.001000s ]
INFO: [ view_filter ] --END-- [ RunTime:0.001000s ]
INFO: [ app_end ] --START--
INFO: Run Behavior\ShowPageTraceBehavior [ RunTime:0.001000s ]
INFO: [ app_end ] --END-- [ RunTime:0.001000s ]

[ 2015-12-17T09:11:51+08:00 ] ::1 /newblog/index.php/Home/Message/index.html
INFO: [ app_init ] --START--
INFO: Run Behavior\BuildLiteBehavior [ RunTime:0.000000s ]
INFO: [ app_init ] --END-- [ RunTime:0.001000s ]
INFO: [ app_begin ] --START--
INFO: Run Behavior\ReadHtmlCacheBehavior [ RunTime:0.002000s ]
INFO: [ app_begin ] --END-- [ RunTime:0.002000s ]
SQL: SHOW COLUMNS FROM `blog_message` [ RunTime:0.0070s ]
SQL: SHOW COLUMNS FROM `blog_comment` [ RunTime:0.0070s ]
SQL: SELECT COUNT(*) AS tp_count FROM `blog_message` WHERE ( status=1 ) LIMIT 1   [ RunTime:0.0000s ]
SQL: SELECT * FROM `blog_message` WHERE `status` = 1 LIMIT 0,3   [ RunTime:0.0000s ]
SQL: SELECT COUNT(*) AS tp_count FROM `blog_comment` WHERE `wid` = 13 LIMIT 1   [ RunTime:0.0000s ]
SQL: SELECT * FROM `blog_comment` WHERE `wid` = 13 LIMIT 1   [ RunTime:0.0000s ]
SQL: SELECT COUNT(*) AS tp_count FROM `blog_comment` WHERE `wid` = 14 LIMIT 1   [ RunTime:0.0000s ]
SQL: SELECT * FROM `blog_comment` WHERE `wid` = 14 LIMIT 1   [ RunTime:0.0000s ]
SQL: SELECT COUNT(*) AS tp_count FROM `blog_comment` WHERE `wid` = 15 LIMIT 1   [ RunTime:0.0010s ]
SQL: SELECT * FROM `blog_comment` WHERE `wid` = 15 LIMIT 1   [ RunTime:0.0010s ]
INFO: [ view_parse ] --START--
INFO: [ template_filter ] --START--
INFO: Run Behavior\ContentReplaceBehavior [ RunTime:0.000000s ]
INFO: [ template_filter ] --END-- [ RunTime:0.000000s ]
NOTIC: [8] Use of undefined constant contentcomment - assumed 'contentcomment' D:\phpStudy\WWW\newblog\Runtime\Cache\Home\455a6242d1c94ccc41106a388080363b.php 第 173 行.
NOTIC: [8] Use of undefined constant id - assumed 'id' D:\phpStudy\WWW\newblog\Runtime\Cache\Home\455a6242d1c94ccc41106a388080363b.php 第 182 行.
NOTIC: [8] Use of undefined constant pagecount - assumed 'pagecount' D:\phpStudy\WWW\newblog\Runtime\Cache\Home\455a6242d1c94ccc41106a388080363b.php 第 196 行.
NOTIC: [8] Use of undefined constant pagecount - assumed 'pagecount' D:\phpStudy\WWW\newblog\Runtime\Cache\Home\455a6242d1c94ccc41106a388080363b.php 第 203 行.
NOTIC: [8] Use of undefined constant id - assumed 'id' D:\phpStudy\WWW\newblog\Runtime\Cache\Home\455a6242d1c94ccc41106a388080363b.php 第 207 行.
NOTIC: [8] Use of undefined constant pagecount - assumed 'pagecount' D:\phpStudy\WWW\newblog\Runtime\Cache\Home\455a6242d1c94ccc41106a388080363b.php 第 207 行.
NOTIC: [8] Use of undefined constant id - assumed 'id' D:\phpStudy\WWW\newblog\Runtime\Cache\Home\455a6242d1c94ccc41106a388080363b.php 第 209 行.
NOTIC: [8] Use of undefined constant id - assumed 'id' D:\phpStudy\WWW\newblog\Runtime\Cache\Home\455a6242d1c94ccc41106a388080363b.php 第 229 行.
NOTIC: [8] Use of undefined constant contentcomment - assumed 'contentcomment' D:\phpStudy\WWW\newblog\Runtime\Cache\Home\455a6242d1c94ccc41106a388080363b.php 第 173 行.
NOTIC: [8] Use of undefined constant id - assumed 'id' D:\phpStudy\WWW\newblog\Runtime\Cache\Home\455a6242d1c94ccc41106a388080363b.php 第 182 行.
NOTIC: [8] Use of undefined constant pagecount - assumed 'pagecount' D:\phpStudy\WWW\newblog\Runtime\Cache\Home\455a6242d1c94ccc41106a388080363b.php 第 196 行.
NOTIC: [8] Use of undefined constant pagecount - assumed 'pagecount' D:\phpStudy\WWW\newblog\Runtime\Cache\Home\455a6242d1c94ccc41106a388080363b.php 第 203 行.
NOTIC: [8] Use of undefined constant id - assumed 'id' D:\phpStudy\WWW\newblog\Runtime\Cache\Home\455a6242d1c94ccc41106a388080363b.php 第 207 行.
NOTIC: [8] Use of undefined constant pagecount - assumed 'pagecount' D:\phpStudy\WWW\newblog\Runtime\Cache\Home\455a6242d1c94ccc41106a388080363b.php 第 207 行.
NOTIC: [8] Use of undefined constant id - assumed 'id' D:\phpStudy\WWW\newblog\Runtime\Cache\Home\455a6242d1c94ccc41106a388080363b.php 第 209 行.
NOTIC: [8] Use of undefined constant id - assumed 'id' D:\phpStudy\WWW\newblog\Runtime\Cache\Home\455a6242d1c94ccc41106a388080363b.php 第 229 行.
NOTIC: [8] Use of undefined constant contentcomment - assumed 'contentcomment' D:\phpStudy\WWW\newblog\Runtime\Cache\Home\455a6242d1c94ccc41106a388080363b.php 第 173 行.
NOTIC: [8] Use of undefined constant id - assumed 'id' D:\phpStudy\WWW\newblog\Runtime\Cache\Home\455a6242d1c94ccc41106a388080363b.php 第 182 行.
NOTIC: [8] Use of undefined constant pagecount - assumed 'pagecount' D:\phpStudy\WWW\newblog\Runtime\Cache\Home\455a6242d1c94ccc41106a388080363b.php 第 196 行.
NOTIC: [8] Use of undefined constant pagecount - assumed 'pagecount' D:\phpStudy\WWW\newblog\Runtime\Cache\Home\455a6242d1c94ccc41106a388080363b.php 第 203 行.
NOTIC: [8] Use of undefined constant id - assumed 'id' D:\phpStudy\WWW\newblog\Runtime\Cache\Home\455a6242d1c94ccc41106a388080363b.php 第 207 行.
NOTIC: [8] Use of undefined constant pagecount - assumed 'pagecount' D:\phpStudy\WWW\newblog\Runtime\Cache\Home\455a6242d1c94ccc41106a388080363b.php 第 207 行.
NOTIC: [8] Use of undefined constant id - assumed 'id' D:\phpStudy\WWW\newblog\Runtime\Cache\Home\455a6242d1c94ccc41106a388080363b.php 第 209 行.
NOTIC: [8] Use of undefined constant id - assumed 'id' D:\phpStudy\WWW\newblog\Runtime\Cache\Home\455a6242d1c94ccc41106a388080363b.php 第 229 行.
INFO: Run Behavior\ParseTemplateBehavior [ RunTime:0.018001s ]
INFO: [ view_parse ] --END-- [ RunTime:0.019001s ]
INFO: [ view_filter ] --START--
INFO: Run Behavior\WriteHtmlCacheBehavior [ RunTime:0.000000s ]
INFO: [ view_filter ] --END-- [ RunTime:0.001000s ]
INFO: [ app_end ] --START--
INFO: Run Behavior\ShowPageTraceBehavior [ RunTime:0.001000s ]
INFO: [ app_end ] --END-- [ RunTime:0.001000s ]

[ 2015-12-17T09:12:37+08:00 ] ::1 /newblog/index.php/Home/Message/index.html
INFO: [ app_init ] --START--
INFO: Run Behavior\BuildLiteBehavior [ RunTime:0.000000s ]
INFO: [ app_init ] --END-- [ RunTime:0.001000s ]
INFO: [ app_begin ] --START--
INFO: Run Behavior\ReadHtmlCacheBehavior [ RunTime:0.000000s ]
INFO: [ app_begin ] --END-- [ RunTime:0.002000s ]
SQL: SHOW COLUMNS FROM `blog_message` [ RunTime:0.0080s ]
SQL: SHOW COLUMNS FROM `blog_comment` [ RunTime:0.0000s ]
SQL: INSERT INTO `blog_message` (`username`,`email`,`content`,`addtime`,`status`) VALUES ('edit_promotion','456756756456@qq.com','sdddddddddddddddd[太开心]','1450314757','2') [ RunTime:0.0000s ]
INFO: [ view_parse ] --START--
INFO: [ template_filter ] --START--
INFO: Run Behavior\ContentReplaceBehavior [ RunTime:0.000000s ]
INFO: [ template_filter ] --END-- [ RunTime:0.000000s ]
INFO: Run Behavior\ParseTemplateBehavior [ RunTime:0.021601s ]
INFO: [ view_parse ] --END-- [ RunTime:0.022601s ]
INFO: [ view_filter ] --START--
INFO: Run Behavior\WriteHtmlCacheBehavior [ RunTime:0.000000s ]
INFO: [ view_filter ] --END-- [ RunTime:0.000000s ]
INFO: [ app_end ] --START--
INFO: Run Behavior\ShowPageTraceBehavior [ RunTime:0.001000s ]
INFO: [ app_end ] --END-- [ RunTime:0.001000s ]

[ 2015-12-17T09:12:38+08:00 ] ::1 /newblog/index.php/Home/Message/index.html
INFO: [ app_init ] --START--
INFO: Run Behavior\BuildLiteBehavior [ RunTime:0.000000s ]
INFO: [ app_init ] --END-- [ RunTime:0.000000s ]
INFO: [ app_begin ] --START--
INFO: Run Behavior\ReadHtmlCacheBehavior [ RunTime:0.000000s ]
INFO: [ app_begin ] --END-- [ RunTime:0.000000s ]
SQL: SHOW COLUMNS FROM `blog_message` [ RunTime:0.0156s ]
SQL: SHOW COLUMNS FROM `blog_comment` [ RunTime:0.0000s ]
SQL: SELECT COUNT(*) AS tp_count FROM `blog_message` WHERE ( status=1 ) LIMIT 1   [ RunTime:0.0000s ]
SQL: SELECT * FROM `blog_message` WHERE `status` = 1 LIMIT 0,3   [ RunTime:0.0000s ]
SQL: SELECT COUNT(*) AS tp_count FROM `blog_comment` WHERE `wid` = 13 LIMIT 1   [ RunTime:0.0000s ]
SQL: SELECT * FROM `blog_comment` WHERE `wid` = 13 LIMIT 1   [ RunTime:0.0000s ]
SQL: SELECT COUNT(*) AS tp_count FROM `blog_comment` WHERE `wid` = 14 LIMIT 1   [ RunTime:0.0000s ]
SQL: SELECT * FROM `blog_comment` WHERE `wid` = 14 LIMIT 1   [ RunTime:0.0000s ]
SQL: SELECT COUNT(*) AS tp_count FROM `blog_comment` WHERE `wid` = 15 LIMIT 1   [ RunTime:0.0000s ]
SQL: SELECT * FROM `blog_comment` WHERE `wid` = 15 LIMIT 1   [ RunTime:0.0156s ]
INFO: [ view_parse ] --START--
INFO: [ template_filter ] --START--
INFO: Run Behavior\ContentReplaceBehavior [ RunTime:0.000000s ]
INFO: [ template_filter ] --END-- [ RunTime:0.000000s ]
NOTIC: [8] Use of undefined constant contentcomment - assumed 'contentcomment' D:\phpStudy\WWW\newblog\Runtime\Cache\Home\455a6242d1c94ccc41106a388080363b.php 第 173 行.
NOTIC: [8] Use of undefined constant id - assumed 'id' D:\phpStudy\WWW\newblog\Runtime\Cache\Home\455a6242d1c94ccc41106a388080363b.php 第 182 行.
NOTIC: [8] Use of undefined constant pagecount - assumed 'pagecount' D:\phpStudy\WWW\newblog\Runtime\Cache\Home\455a6242d1c94ccc41106a388080363b.php 第 196 行.
NOTIC: [8] Use of undefined constant pagecount - assumed 'pagecount' D:\phpStudy\WWW\newblog\Runtime\Cache\Home\455a6242d1c94ccc41106a388080363b.php 第 203 行.
NOTIC: [8] Use of undefined constant id - assumed 'id' D:\phpStudy\WWW\newblog\Runtime\Cache\Home\455a6242d1c94ccc41106a388080363b.php 第 207 行.
NOTIC: [8] Use of undefined constant pagecount - assumed 'pagecount' D:\phpStudy\WWW\newblog\Runtime\Cache\Home\455a6242d1c94ccc41106a388080363b.php 第 207 行.
NOTIC: [8] Use of undefined constant id - assumed 'id' D:\phpStudy\WWW\newblog\Runtime\Cache\Home\455a6242d1c94ccc41106a388080363b.php 第 209 行.
NOTIC: [8] Use of undefined constant id - assumed 'id' D:\phpStudy\WWW\newblog\Runtime\Cache\Home\455a6242d1c94ccc41106a388080363b.php 第 229 行.
NOTIC: [8] Use of undefined constant contentcomment - assumed 'contentcomment' D:\phpStudy\WWW\newblog\Runtime\Cache\Home\455a6242d1c94ccc41106a388080363b.php 第 173 行.
NOTIC: [8] Use of undefined constant id - assumed 'id' D:\phpStudy\WWW\newblog\Runtime\Cache\Home\455a6242d1c94ccc41106a388080363b.php 第 182 行.
NOTIC: [8] Use of undefined constant pagecount - assumed 'pagecount' D:\phpStudy\WWW\newblog\Runtime\Cache\Home\455a6242d1c94ccc41106a388080363b.php 第 196 行.
NOTIC: [8] Use of undefined constant pagecount - assumed 'pagecount' D:\phpStudy\WWW\newblog\Runtime\Cache\Home\455a6242d1c94ccc41106a388080363b.php 第 203 行.
NOTIC: [8] Use of undefined constant id - assumed 'id' D:\phpStudy\WWW\newblog\Runtime\Cache\Home\455a6242d1c94ccc41106a388080363b.php 第 207 行.
NOTIC: [8] Use of undefined constant pagecount - assumed 'pagecount' D:\phpStudy\WWW\newblog\Runtime\Cache\Home\455a6242d1c94ccc41106a388080363b.php 第 207 行.
NOTIC: [8] Use of undefined constant id - assumed 'id' D:\phpStudy\WWW\newblog\Runtime\Cache\Home\455a6242d1c94ccc41106a388080363b.php 第 209 行.
NOTIC: [8] Use of undefined constant id - assumed 'id' D:\phpStudy\WWW\newblog\Runtime\Cache\Home\455a6242d1c94ccc41106a388080363b.php 第 229 行.
NOTIC: [8] Use of undefined constant contentcomment - assumed 'contentcomment' D:\phpStudy\WWW\newblog\Runtime\Cache\Home\455a6242d1c94ccc41106a388080363b.php 第 173 行.
NOTIC: [8] Use of undefined constant id - assumed 'id' D:\phpStudy\WWW\newblog\Runtime\Cache\Home\455a6242d1c94ccc41106a388080363b.php 第 182 行.
NOTIC: [8] Use of undefined constant pagecount - assumed 'pagecount' D:\phpStudy\WWW\newblog\Runtime\Cache\Home\455a6242d1c94ccc41106a388080363b.php 第 196 行.
NOTIC: [8] Use of undefined constant pagecount - assumed 'pagecount' D:\phpStudy\WWW\newblog\Runtime\Cache\Home\455a6242d1c94ccc41106a388080363b.php 第 203 行.
NOTIC: [8] Use of undefined constant id - assumed 'id' D:\phpStudy\WWW\newblog\Runtime\Cache\Home\455a6242d1c94ccc41106a388080363b.php 第 207 行.
NOTIC: [8] Use of undefined constant pagecount - assumed 'pagecount' D:\phpStudy\WWW\newblog\Runtime\Cache\Home\455a6242d1c94ccc41106a388080363b.php 第 207 行.
NOTIC: [8] Use of undefined constant id - assumed 'id' D:\phpStudy\WWW\newblog\Runtime\Cache\Home\455a6242d1c94ccc41106a388080363b.php 第 209 行.
NOTIC: [8] Use of undefined constant id - assumed 'id' D:\phpStudy\WWW\newblog\Runtime\Cache\Home\455a6242d1c94ccc41106a388080363b.php 第 229 行.
INFO: Run Behavior\ParseTemplateBehavior [ RunTime:0.018600s ]
INFO: [ view_parse ] --END-- [ RunTime:0.018600s ]
INFO: [ view_filter ] --START--
INFO: Run Behavior\WriteHtmlCacheBehavior [ RunTime:0.001000s ]
INFO: [ view_filter ] --END-- [ RunTime:0.001000s ]
INFO: [ app_end ] --START--
INFO: Run Behavior\ShowPageTraceBehavior [ RunTime:0.001000s ]
INFO: [ app_end ] --END-- [ RunTime:0.001000s ]

[ 2015-12-17T10:09:19+08:00 ] ::1 /newblog/
INFO: [ app_init ] --START--
INFO: Run Behavior\BuildLiteBehavior [ RunTime:0.000000s ]
INFO: [ app_init ] --END-- [ RunTime:0.001000s ]
INFO: [ app_begin ] --START--
INFO: Run Behavior\ReadHtmlCacheBehavior [ RunTime:0.001000s ]
INFO: [ app_begin ] --END-- [ RunTime:0.002000s ]
SQL: SHOW COLUMNS FROM `blog_message` [ RunTime:0.0070s ]
SQL: SELECT * FROM `blog_message`  [ RunTime:0.0000s ]
INFO: [ view_parse ] --START--
INFO: [ template_filter ] --START--
INFO: Run Behavior\ContentReplaceBehavior [ RunTime:0.000000s ]
INFO: [ template_filter ] --END-- [ RunTime:0.000000s ]
INFO: Run Behavior\ParseTemplateBehavior [ RunTime:0.000000s ]
INFO: [ view_parse ] --END-- [ RunTime:0.000000s ]
INFO: [ view_filter ] --START--
INFO: Run Behavior\WriteHtmlCacheBehavior [ RunTime:0.015600s ]
INFO: [ view_filter ] --END-- [ RunTime:0.015600s ]
INFO: [ app_end ] --START--
INFO: Run Behavior\ShowPageTraceBehavior [ RunTime:0.001000s ]
INFO: [ app_end ] --END-- [ RunTime:0.002000s ]

[ 2015-12-17T10:09:33+08:00 ] ::1 /newblog/
INFO: [ app_init ] --START--
INFO: Run Behavior\BuildLiteBehavior [ RunTime:0.000000s ]
INFO: [ app_init ] --END-- [ RunTime:0.001000s ]
INFO: [ app_begin ] --START--
INFO: Run Behavior\ReadHtmlCacheBehavior [ RunTime:0.001001s ]
INFO: [ app_begin ] --END-- [ RunTime:0.001001s ]
SQL: SHOW COLUMNS FROM `blog_message` [ RunTime:0.0080s ]
SQL: SELECT * FROM `blog_message`  [ RunTime:0.0000s ]
INFO: [ view_parse ] --START--
INFO: [ template_filter ] --START--
INFO: Run Behavior\ContentReplaceBehavior [ RunTime:0.001000s ]
INFO: [ template_filter ] --END-- [ RunTime:0.001000s ]
INFO: Run Behavior\ParseTemplateBehavior [ RunTime:0.012001s ]
INFO: [ view_parse ] --END-- [ RunTime:0.012001s ]
INFO: [ view_filter ] --START--
INFO: Run Behavior\WriteHtmlCacheBehavior [ RunTime:0.001000s ]
INFO: [ view_filter ] --END-- [ RunTime:0.001000s ]
INFO: [ app_end ] --START--
INFO: Run Behavior\ShowPageTraceBehavior [ RunTime:0.001000s ]
INFO: [ app_end ] --END-- [ RunTime:0.001000s ]

[ 2015-12-17T14:04:30+08:00 ] ::1 /newblog/
INFO: [ app_init ] --START--
INFO: Run Behavior\BuildLiteBehavior [ RunTime:0.000000s ]
INFO: [ app_init ] --END-- [ RunTime:0.002000s ]
INFO: [ app_begin ] --START--
INFO: Run Behavior\ReadHtmlCacheBehavior [ RunTime:0.002001s ]
INFO: [ app_begin ] --END-- [ RunTime:0.002001s ]
SQL: SHOW COLUMNS FROM `blog_message` [ RunTime:0.0110s ]
SQL: SELECT * FROM `blog_message`  [ RunTime:0.0000s ]
INFO: [ view_parse ] --START--
INFO: [ template_filter ] --START--
INFO: Run Behavior\ContentReplaceBehavior [ RunTime:0.000000s ]
INFO: [ template_filter ] --END-- [ RunTime:0.000000s ]
INFO: Run Behavior\ParseTemplateBehavior [ RunTime:0.018001s ]
INFO: [ view_parse ] --END-- [ RunTime:0.018001s ]
INFO: [ view_filter ] --START--
INFO: Run Behavior\WriteHtmlCacheBehavior [ RunTime:0.002000s ]
INFO: [ view_filter ] --END-- [ RunTime:0.002000s ]
INFO: [ app_end ] --START--
INFO: Run Behavior\ShowPageTraceBehavior [ RunTime:0.006000s ]
INFO: [ app_end ] --END-- [ RunTime:0.006000s ]

[ 2015-12-17T14:58:53+08:00 ] ::1 /newblog/
INFO: [ app_init ] --START--
INFO: Run Behavior\BuildLiteBehavior [ RunTime:0.000000s ]
INFO: [ app_init ] --END-- [ RunTime:0.000000s ]
INFO: [ app_begin ] --START--
INFO: Run Behavior\ReadHtmlCacheBehavior [ RunTime:0.000000s ]
INFO: [ app_begin ] --END-- [ RunTime:0.000000s ]
SQL: SHOW COLUMNS FROM `blog_message` [ RunTime:0.0000s ]
SQL: SELECT * FROM `blog_message`  [ RunTime:0.0156s ]
INFO: [ view_parse ] --START--
INFO: [ template_filter ] --START--
INFO: Run Behavior\ContentReplaceBehavior [ RunTime:0.000000s ]
INFO: [ template_filter ] --END-- [ RunTime:0.000000s ]
INFO: Run Behavior\ParseTemplateBehavior [ RunTime:0.000000s ]
INFO: [ view_parse ] --END-- [ RunTime:0.000000s ]
INFO: [ view_filter ] --START--
INFO: Run Behavior\WriteHtmlCacheBehavior [ RunTime:0.015600s ]
INFO: [ view_filter ] --END-- [ RunTime:0.015600s ]
INFO: [ app_end ] --START--
INFO: Run Behavior\ShowPageTraceBehavior [ RunTime:0.000000s ]
INFO: [ app_end ] --END-- [ RunTime:0.000000s ]

[ 2015-12-17T14:59:45+08:00 ] ::1 /newblog/index.php/Home/About/index.html
INFO: [ app_init ] --START--
INFO: Run Behavior\BuildLiteBehavior [ RunTime:0.000000s ]
INFO: [ app_init ] --END-- [ RunTime:0.000000s ]
INFO: [ app_begin ] --START--
INFO: Run Behavior\ReadHtmlCacheBehavior [ RunTime:0.000000s ]
INFO: [ app_begin ] --END-- [ RunTime:0.000000s ]
INFO: [ view_parse ] --START--
INFO: [ template_filter ] --START--
INFO: Run Behavior\ContentReplaceBehavior [ RunTime:0.000000s ]
INFO: [ template_filter ] --END-- [ RunTime:0.000000s ]
INFO: Run Behavior\ParseTemplateBehavior [ RunTime:0.025600s ]
INFO: [ view_parse ] --END-- [ RunTime:0.025600s ]
INFO: [ view_filter ] --START--
INFO: Run Behavior\WriteHtmlCacheBehavior [ RunTime:0.001001s ]
INFO: [ view_filter ] --END-- [ RunTime:0.001001s ]
INFO: [ app_end ] --START--
INFO: Run Behavior\ShowPageTraceBehavior [ RunTime:0.002000s ]
INFO: [ app_end ] --END-- [ RunTime:0.002000s ]

[ 2015-12-17T16:00:33+08:00 ] ::1 /newblog/index.php/Home/About/index.html
INFO: [ app_init ] --START--
INFO: Run Behavior\BuildLiteBehavior [ RunTime:0.000000s ]
INFO: [ app_init ] --END-- [ RunTime:0.000000s ]
INFO: [ app_begin ] --START--
INFO: Run Behavior\ReadHtmlCacheBehavior [ RunTime:0.001000s ]
INFO: [ app_begin ] --END-- [ RunTime:0.001000s ]
INFO: [ view_parse ] --START--
INFO: [ template_filter ] --START--
INFO: Run Behavior\ContentReplaceBehavior [ RunTime:0.000000s ]
INFO: [ template_filter ] --END-- [ RunTime:0.000000s ]
INFO: Run Behavior\ParseTemplateBehavior [ RunTime:0.005000s ]
INFO: [ view_parse ] --END-- [ RunTime:0.005000s ]
INFO: [ view_filter ] --START--
INFO: Run Behavior\WriteHtmlCacheBehavior [ RunTime:0.000000s ]
INFO: [ view_filter ] --END-- [ RunTime:0.000000s ]
INFO: [ app_end ] --START--
INFO: Run Behavior\ShowPageTraceBehavior [ RunTime:0.000000s ]
INFO: [ app_end ] --END-- [ RunTime:0.000000s ]

[ 2015-12-17T16:00:37+08:00 ] ::1 /newblog/index.php/
INFO: [ app_init ] --START--
INFO: Run Behavior\BuildLiteBehavior [ RunTime:0.000000s ]
INFO: [ app_init ] --END-- [ RunTime:0.000000s ]
INFO: [ app_begin ] --START--
INFO: Run Behavior\ReadHtmlCacheBehavior [ RunTime:0.000000s ]
INFO: [ app_begin ] --END-- [ RunTime:0.000000s ]
SQL: SHOW COLUMNS FROM `blog_message` [ RunTime:0.0070s ]
SQL: SELECT * FROM `blog_message`  [ RunTime:0.0010s ]
INFO: [ view_parse ] --START--
INFO: [ template_filter ] --START--
INFO: Run Behavior\ContentReplaceBehavior [ RunTime:0.000000s ]
INFO: [ template_filter ] --END-- [ RunTime:0.000000s ]
INFO: Run Behavior\ParseTemplateBehavior [ RunTime:0.013000s ]
INFO: [ view_parse ] --END-- [ RunTime:0.014000s ]
INFO: [ view_filter ] --START--
INFO: Run Behavior\WriteHtmlCacheBehavior [ RunTime:0.000000s ]
INFO: [ view_filter ] --END-- [ RunTime:0.000000s ]
INFO: [ app_end ] --START--
INFO: Run Behavior\ShowPageTraceBehavior [ RunTime:0.001001s ]
INFO: [ app_end ] --END-- [ RunTime:0.001001s ]

[ 2015-12-17T16:00:40+08:00 ] ::1 /newblog/index.php/Home/News/index.html
INFO: [ app_init ] --START--
INFO: Run Behavior\BuildLiteBehavior [ RunTime:0.000000s ]
INFO: [ app_init ] --END-- [ RunTime:0.000000s ]
INFO: [ app_begin ] --START--
INFO: Run Behavior\ReadHtmlCacheBehavior [ RunTime:0.001000s ]
INFO: [ app_begin ] --END-- [ RunTime:0.001000s ]
INFO: [ view_parse ] --START--
INFO: [ template_filter ] --START--
INFO: Run Behavior\ContentReplaceBehavior [ RunTime:0.000000s ]
INFO: [ template_filter ] --END-- [ RunTime:0.000000s ]
INFO: Run Behavior\ParseTemplateBehavior [ RunTime:0.021001s ]
INFO: [ view_parse ] --END-- [ RunTime:0.021001s ]
INFO: [ view_filter ] --START--
INFO: Run Behavior\WriteHtmlCacheBehavior [ RunTime:0.001000s ]
INFO: [ view_filter ] --END-- [ RunTime:0.001000s ]
INFO: [ app_end ] --START--
INFO: Run Behavior\ShowPageTraceBehavior [ RunTime:0.002000s ]
INFO: [ app_end ] --END-- [ RunTime:0.002000s ]

[ 2015-12-17T16:04:47+08:00 ] ::1 /newblog/index.php/Home/News/index.html
INFO: [ app_init ] --START--
INFO: Run Behavior\BuildLiteBehavior [ RunTime:0.000000s ]
INFO: [ app_init ] --END-- [ RunTime:0.001000s ]
INFO: [ app_begin ] --START--
INFO: Run Behavior\ReadHtmlCacheBehavior [ RunTime:0.001000s ]
INFO: [ app_begin ] --END-- [ RunTime:0.001000s ]
INFO: [ view_parse ] --START--
INFO: [ template_filter ] --START--
INFO: Run Behavior\ContentReplaceBehavior [ RunTime:0.000000s ]
INFO: [ template_filter ] --END-- [ RunTime:0.000000s ]
INFO: Run Behavior\ParseTemplateBehavior [ RunTime:0.015001s ]
INFO: [ view_parse ] --END-- [ RunTime:0.015001s ]
INFO: [ view_filter ] --START--
INFO: Run Behavior\WriteHtmlCacheBehavior [ RunTime:0.000000s ]
INFO: [ view_filter ] --END-- [ RunTime:0.000000s ]
INFO: [ app_end ] --START--
INFO: Run Behavior\ShowPageTraceBehavior [ RunTime:0.001000s ]
INFO: [ app_end ] --END-- [ RunTime:0.001000s ]

[ 2015-12-17T16:04:51+08:00 ] ::1 /newblog/index.php/Home/Message/index.html
INFO: [ app_init ] --START--
INFO: Run Behavior\BuildLiteBehavior [ RunTime:0.001000s ]
INFO: [ app_init ] --END-- [ RunTime:0.001000s ]
INFO: [ app_begin ] --START--
INFO: Run Behavior\ReadHtmlCacheBehavior [ RunTime:0.001000s ]
INFO: [ app_begin ] --END-- [ RunTime:0.001000s ]
SQL: SHOW COLUMNS FROM `blog_message` [ RunTime:0.0080s ]
SQL: SHOW COLUMNS FROM `blog_comment` [ RunTime:0.0080s ]
SQL: SELECT COUNT(*) AS tp_count FROM `blog_message` WHERE ( status=1 ) LIMIT 1   [ RunTime:0.0010s ]
SQL: SELECT * FROM `blog_message` WHERE `status` = 1 LIMIT 0,3   [ RunTime:0.0000s ]
SQL: SELECT COUNT(*) AS tp_count FROM `blog_comment` WHERE `wid` = 13 LIMIT 1   [ RunTime:0.0000s ]
SQL: SELECT * FROM `blog_comment` WHERE `wid` = 13 LIMIT 1   [ RunTime:0.0000s ]
SQL: SELECT COUNT(*) AS tp_count FROM `blog_comment` WHERE `wid` = 14 LIMIT 1   [ RunTime:0.0000s ]
SQL: SELECT * FROM `blog_comment` WHERE `wid` = 14 LIMIT 1   [ RunTime:0.0000s ]
SQL: SELECT COUNT(*) AS tp_count FROM `blog_comment` WHERE `wid` = 16 LIMIT 1   [ RunTime:0.0010s ]
SQL: SELECT * FROM `blog_comment` WHERE `wid` = 16 LIMIT 1   [ RunTime:0.0000s ]
INFO: [ view_parse ] --START--
INFO: [ template_filter ] --START--
INFO: Run Behavior\ContentReplaceBehavior [ RunTime:0.000000s ]
INFO: [ template_filter ] --END-- [ RunTime:0.000000s ]
NOTIC: [8] Use of undefined constant contentcomment - assumed 'contentcomment' D:\phpStudy\WWW\newblog\Runtime\Cache\Home\455a6242d1c94ccc41106a388080363b.php 第 173 行.
NOTIC: [8] Use of undefined constant id - assumed 'id' D:\phpStudy\WWW\newblog\Runtime\Cache\Home\455a6242d1c94ccc41106a388080363b.php 第 182 行.
NOTIC: [8] Use of undefined constant pagecount - assumed 'pagecount' D:\phpStudy\WWW\newblog\Runtime\Cache\Home\455a6242d1c94ccc41106a388080363b.php 第 196 行.
NOTIC: [8] Use of undefined constant pagecount - assumed 'pagecount' D:\phpStudy\WWW\newblog\Runtime\Cache\Home\455a6242d1c94ccc41106a388080363b.php 第 203 行.
NOTIC: [8] Use of undefined constant id - assumed 'id' D:\phpStudy\WWW\newblog\Runtime\Cache\Home\455a6242d1c94ccc41106a388080363b.php 第 207 行.
NOTIC: [8] Use of undefined constant pagecount - assumed 'pagecount' D:\phpStudy\WWW\newblog\Runtime\Cache\Home\455a6242d1c94ccc41106a388080363b.php 第 207 行.
NOTIC: [8] Use of undefined constant id - assumed 'id' D:\phpStudy\WWW\newblog\Runtime\Cache\Home\455a6242d1c94ccc41106a388080363b.php 第 209 行.
NOTIC: [8] Use of undefined constant id - assumed 'id' D:\phpStudy\WWW\newblog\Runtime\Cache\Home\455a6242d1c94ccc41106a388080363b.php 第 229 行.
NOTIC: [8] Use of undefined constant contentcomment - assumed 'contentcomment' D:\phpStudy\WWW\newblog\Runtime\Cache\Home\455a6242d1c94ccc41106a388080363b.php 第 173 行.
NOTIC: [8] Use of undefined constant id - assumed 'id' D:\phpStudy\WWW\newblog\Runtime\Cache\Home\455a6242d1c94ccc41106a388080363b.php 第 182 行.
NOTIC: [8] Use of undefined constant pagecount - assumed 'pagecount' D:\phpStudy\WWW\newblog\Runtime\Cache\Home\455a6242d1c94ccc41106a388080363b.php 第 196 行.
NOTIC: [8] Use of undefined constant pagecount - assumed 'pagecount' D:\phpStudy\WWW\newblog\Runtime\Cache\Home\455a6242d1c94ccc41106a388080363b.php 第 203 行.
NOTIC: [8] Use of undefined constant id - assumed 'id' D:\phpStudy\WWW\newblog\Runtime\Cache\Home\455a6242d1c94ccc41106a388080363b.php 第 207 行.
NOTIC: [8] Use of undefined constant pagecount - assumed 'pagecount' D:\phpStudy\WWW\newblog\Runtime\Cache\Home\455a6242d1c94ccc41106a388080363b.php 第 207 行.
NOTIC: [8] Use of undefined constant id - assumed 'id' D:\phpStudy\WWW\newblog\Runtime\Cache\Home\455a6242d1c94ccc41106a388080363b.php 第 209 行.
NOTIC: [8] Use of undefined constant id - assumed 'id' D:\phpStudy\WWW\newblog\Runtime\Cache\Home\455a6242d1c94ccc41106a388080363b.php 第 229 行.
NOTIC: [8] Use of undefined constant contentcomment - assumed 'contentcomment' D:\phpStudy\WWW\newblog\Runtime\Cache\Home\455a6242d1c94ccc41106a388080363b.php 第 173 行.
NOTIC: [8] Use of undefined constant id - assumed 'id' D:\phpStudy\WWW\newblog\Runtime\Cache\Home\455a6242d1c94ccc41106a388080363b.php 第 182 行.
NOTIC: [8] Use of undefined constant pagecount - assumed 'pagecount' D:\phpStudy\WWW\newblog\Runtime\Cache\Home\455a6242d1c94ccc41106a388080363b.php 第 196 行.
NOTIC: [8] Use of undefined constant pagecount - assumed 'pagecount' D:\phpStudy\WWW\newblog\Runtime\Cache\Home\455a6242d1c94ccc41106a388080363b.php 第 203 行.
NOTIC: [8] Use of undefined constant id - assumed 'id' D:\phpStudy\WWW\newblog\Runtime\Cache\Home\455a6242d1c94ccc41106a388080363b.php 第 207 行.
NOTIC: [8] Use of undefined constant pagecount - assumed 'pagecount' D:\phpStudy\WWW\newblog\Runtime\Cache\Home\455a6242d1c94ccc41106a388080363b.php 第 207 行.
NOTIC: [8] Use of undefined constant id - assumed 'id' D:\phpStudy\WWW\newblog\Runtime\Cache\Home\455a6242d1c94ccc41106a388080363b.php 第 209 行.
NOTIC: [8] Use of undefined constant id - assumed 'id' D:\phpStudy\WWW\newblog\Runtime\Cache\Home\455a6242d1c94ccc41106a388080363b.php 第 229 行.
INFO: Run Behavior\ParseTemplateBehavior [ RunTime:0.019001s ]
INFO: [ view_parse ] --END-- [ RunTime:0.019001s ]
INFO: [ view_filter ] --START--
INFO: Run Behavior\WriteHtmlCacheBehavior [ RunTime:0.001000s ]
INFO: [ view_filter ] --END-- [ RunTime:0.002000s ]
INFO: [ app_end ] --START--
INFO: Run Behavior\ShowPageTraceBehavior [ RunTime:0.001000s ]
INFO: [ app_end ] --END-- [ RunTime:0.001000s ]

[ 2015-12-17T16:05:35+08:00 ] ::1 /newblog/index.php/Home/Message/index.html
INFO: [ app_init ] --START--
INFO: Run Behavior\BuildLiteBehavior [ RunTime:0.000000s ]
INFO: [ app_init ] --END-- [ RunTime:0.006001s ]
INFO: [ app_begin ] --START--
INFO: Run Behavior\ReadHtmlCacheBehavior [ RunTime:0.001000s ]
INFO: [ app_begin ] --END-- [ RunTime:0.001000s ]
SQL: SHOW COLUMNS FROM `blog_message` [ RunTime:0.0080s ]
SQL: SHOW COLUMNS FROM `blog_comment` [ RunTime:0.0090s ]
SQL: SELECT COUNT(*) AS tp_count FROM `blog_message` WHERE ( status=1 ) LIMIT 1   [ RunTime:0.0010s ]
SQL: SELECT * FROM `blog_message` WHERE `status` = 1 LIMIT 0,3   [ RunTime:0.0000s ]
SQL: SELECT COUNT(*) AS tp_count FROM `blog_comment` WHERE `wid` = 13 LIMIT 1   [ RunTime:0.0010s ]
SQL: SELECT * FROM `blog_comment` WHERE `wid` = 13 LIMIT 1   [ RunTime:0.0010s ]
SQL: SELECT COUNT(*) AS tp_count FROM `blog_comment` WHERE `wid` = 14 LIMIT 1   [ RunTime:0.0590s ]
SQL: SELECT * FROM `blog_comment` WHERE `wid` = 14 LIMIT 1   [ RunTime:0.0060s ]
SQL: SELECT COUNT(*) AS tp_count FROM `blog_comment` WHERE `wid` = 16 LIMIT 1   [ RunTime:0.0010s ]
SQL: SELECT * FROM `blog_comment` WHERE `wid` = 16 LIMIT 1   [ RunTime:0.0010s ]
INFO: [ view_parse ] --START--
INFO: [ template_filter ] --START--
INFO: Run Behavior\ContentReplaceBehavior [ RunTime:0.000000s ]
INFO: [ template_filter ] --END-- [ RunTime:0.000000s ]
NOTIC: [8] Use of undefined constant contentcomment - assumed 'contentcomment' D:\phpStudy\WWW\newblog\Runtime\Cache\Home\455a6242d1c94ccc41106a388080363b.php 第 173 行.
NOTIC: [8] Use of undefined constant id - assumed 'id' D:\phpStudy\WWW\newblog\Runtime\Cache\Home\455a6242d1c94ccc41106a388080363b.php 第 182 行.
NOTIC: [8] Use of undefined constant pagecount - assumed 'pagecount' D:\phpStudy\WWW\newblog\Runtime\Cache\Home\455a6242d1c94ccc41106a388080363b.php 第 196 行.
NOTIC: [8] Use of undefined constant pagecount - assumed 'pagecount' D:\phpStudy\WWW\newblog\Runtime\Cache\Home\455a6242d1c94ccc41106a388080363b.php 第 203 行.
NOTIC: [8] Use of undefined constant id - assumed 'id' D:\phpStudy\WWW\newblog\Runtime\Cache\Home\455a6242d1c94ccc41106a388080363b.php 第 207 行.
NOTIC: [8] Use of undefined constant pagecount - assumed 'pagecount' D:\phpStudy\WWW\newblog\Runtime\Cache\Home\455a6242d1c94ccc41106a388080363b.php 第 207 行.
NOTIC: [8] Use of undefined constant id - assumed 'id' D:\phpStudy\WWW\newblog\Runtime\Cache\Home\455a6242d1c94ccc41106a388080363b.php 第 209 行.
NOTIC: [8] Use of undefined constant id - assumed 'id' D:\phpStudy\WWW\newblog\Runtime\Cache\Home\455a6242d1c94ccc41106a388080363b.php 第 229 行.
NOTIC: [8] Use of undefined constant contentcomment - assumed 'contentcomment' D:\phpStudy\WWW\newblog\Runtime\Cache\Home\455a6242d1c94ccc41106a388080363b.php 第 173 行.
NOTIC: [8] Use of undefined constant id - assumed 'id' D:\phpStudy\WWW\newblog\Runtime\Cache\Home\455a6242d1c94ccc41106a388080363b.php 第 182 行.
NOTIC: [8] Use of undefined constant pagecount - assumed 'pagecount' D:\phpStudy\WWW\newblog\Runtime\Cache\Home\455a6242d1c94ccc41106a388080363b.php 第 196 行.
NOTIC: [8] Use of undefined constant pagecount - assumed 'pagecount' D:\phpStudy\WWW\newblog\Runtime\Cache\Home\455a6242d1c94ccc41106a388080363b.php 第 203 行.
NOTIC: [8] Use of undefined constant id - assumed 'id' D:\phpStudy\WWW\newblog\Runtime\Cache\Home\455a6242d1c94ccc41106a388080363b.php 第 207 行.
NOTIC: [8] Use of undefined constant pagecount - assumed 'pagecount' D:\phpStudy\WWW\newblog\Runtime\Cache\Home\455a6242d1c94ccc41106a388080363b.php 第 207 行.
NOTIC: [8] Use of undefined constant id - assumed 'id' D:\phpStudy\WWW\newblog\Runtime\Cache\Home\455a6242d1c94ccc41106a388080363b.php 第 209 行.
NOTIC: [8] Use of undefined constant id - assumed 'id' D:\phpStudy\WWW\newblog\Runtime\Cache\Home\455a6242d1c94ccc41106a388080363b.php 第 229 行.
NOTIC: [8] Use of undefined constant contentcomment - assumed 'contentcomment' D:\phpStudy\WWW\newblog\Runtime\Cache\Home\455a6242d1c94ccc41106a388080363b.php 第 173 行.
NOTIC: [8] Use of undefined constant id - assumed 'id' D:\phpStudy\WWW\newblog\Runtime\Cache\Home\455a6242d1c94ccc41106a388080363b.php 第 182 行.
NOTIC: [8] Use of undefined constant pagecount - assumed 'pagecount' D:\phpStudy\WWW\newblog\Runtime\Cache\Home\455a6242d1c94ccc41106a388080363b.php 第 196 行.
NOTIC: [8] Use of undefined constant pagecount - assumed 'pagecount' D:\phpStudy\WWW\newblog\Runtime\Cache\Home\455a6242d1c94ccc41106a388080363b.php 第 203 行.
NOTIC: [8] Use of undefined constant id - assumed 'id' D:\phpStudy\WWW\newblog\Runtime\Cache\Home\455a6242d1c94ccc41106a388080363b.php 第 207 行.
NOTIC: [8] Use of undefined constant pagecount - assumed 'pagecount' D:\phpStudy\WWW\newblog\Runtime\Cache\Home\455a6242d1c94ccc41106a388080363b.php 第 207 行.
NOTIC: [8] Use of undefined constant id - assumed 'id' D:\phpStudy\WWW\newblog\Runtime\Cache\Home\455a6242d1c94ccc41106a388080363b.php 第 209 行.
NOTIC: [8] Use of undefined constant id - assumed 'id' D:\phpStudy\WWW\newblog\Runtime\Cache\Home\455a6242d1c94ccc41106a388080363b.php 第 229 行.
INFO: Run Behavior\ParseTemplateBehavior [ RunTime:0.024001s ]
INFO: [ view_parse ] --END-- [ RunTime:0.024001s ]
INFO: [ view_filter ] --START--
INFO: Run Behavior\WriteHtmlCacheBehavior [ RunTime:0.001000s ]
INFO: [ view_filter ] --END-- [ RunTime:0.001000s ]
INFO: [ app_end ] --START--
INFO: Run Behavior\ShowPageTraceBehavior [ RunTime:0.006001s ]
INFO: [ app_end ] --END-- [ RunTime:0.006001s ]

[ 2015-12-17T16:06:09+08:00 ] ::1 /newblog/index.php/Home/Message/index.html
INFO: [ app_init ] --START--
INFO: Run Behavior\BuildLiteBehavior [ RunTime:0.000000s ]
INFO: [ app_init ] --END-- [ RunTime:0.001000s ]
INFO: [ app_begin ] --START--
INFO: Run Behavior\ReadHtmlCacheBehavior [ RunTime:0.001000s ]
INFO: [ app_begin ] --END-- [ RunTime:0.001000s ]
SQL: SHOW COLUMNS FROM `blog_message` [ RunTime:0.0070s ]
SQL: SHOW COLUMNS FROM `blog_comment` [ RunTime:0.0070s ]
SQL: SELECT COUNT(*) AS tp_count FROM `blog_message` WHERE ( status=1 ) LIMIT 1   [ RunTime:0.0010s ]
SQL: SELECT * FROM `blog_message` WHERE `status` = 1 LIMIT 0,3   [ RunTime:0.0010s ]
SQL: SELECT COUNT(*) AS tp_count FROM `blog_comment` WHERE `wid` = 13 LIMIT 1   [ RunTime:0.0020s ]
SQL: SELECT * FROM `blog_comment` WHERE `wid` = 13 LIMIT 1   [ RunTime:0.0010s ]
SQL: SELECT COUNT(*) AS tp_count FROM `blog_comment` WHERE `wid` = 14 LIMIT 1   [ RunTime:0.0000s ]
SQL: SELECT * FROM `blog_comment` WHERE `wid` = 14 LIMIT 1   [ RunTime:0.0000s ]
SQL: SELECT COUNT(*) AS tp_count FROM `blog_comment` WHERE `wid` = 16 LIMIT 1   [ RunTime:0.0010s ]
SQL: SELECT * FROM `blog_comment` WHERE `wid` = 16 LIMIT 1   [ RunTime:0.0000s ]
INFO: [ view_parse ] --START--
INFO: [ template_filter ] --START--
INFO: Run Behavior\ContentReplaceBehavior [ RunTime:0.000000s ]
INFO: [ template_filter ] --END-- [ RunTime:0.000000s ]
NOTIC: [8] Use of undefined constant contentcomment - assumed 'contentcomment' D:\phpStudy\WWW\newblog\Runtime\Cache\Home\455a6242d1c94ccc41106a388080363b.php 第 173 行.
NOTIC: [8] Use of undefined constant id - assumed 'id' D:\phpStudy\WWW\newblog\Runtime\Cache\Home\455a6242d1c94ccc41106a388080363b.php 第 182 行.
NOTIC: [8] Use of undefined constant pagecount - assumed 'pagecount' D:\phpStudy\WWW\newblog\Runtime\Cache\Home\455a6242d1c94ccc41106a388080363b.php 第 196 行.
NOTIC: [8] Use of undefined constant pagecount - assumed 'pagecount' D:\phpStudy\WWW\newblog\Runtime\Cache\Home\455a6242d1c94ccc41106a388080363b.php 第 203 行.
NOTIC: [8] Use of undefined constant id - assumed 'id' D:\phpStudy\WWW\newblog\Runtime\Cache\Home\455a6242d1c94ccc41106a388080363b.php 第 207 行.
NOTIC: [8] Use of undefined constant pagecount - assumed 'pagecount' D:\phpStudy\WWW\newblog\Runtime\Cache\Home\455a6242d1c94ccc41106a388080363b.php 第 207 行.
NOTIC: [8] Use of undefined constant id - assumed 'id' D:\phpStudy\WWW\newblog\Runtime\Cache\Home\455a6242d1c94ccc41106a388080363b.php 第 209 行.
NOTIC: [8] Use of undefined constant id - assumed 'id' D:\phpStudy\WWW\newblog\Runtime\Cache\Home\455a6242d1c94ccc41106a388080363b.php 第 229 行.
NOTIC: [8] Use of undefined constant contentcomment - assumed 'contentcomment' D:\phpStudy\WWW\newblog\Runtime\Cache\Home\455a6242d1c94ccc41106a388080363b.php 第 173 行.
NOTIC: [8] Use of undefined constant id - assumed 'id' D:\phpStudy\WWW\newblog\Runtime\Cache\Home\455a6242d1c94ccc41106a388080363b.php 第 182 行.
NOTIC: [8] Use of undefined constant pagecount - assumed 'pagecount' D:\phpStudy\WWW\newblog\Runtime\Cache\Home\455a6242d1c94ccc41106a388080363b.php 第 196 行.
NOTIC: [8] Use of undefined constant pagecount - assumed 'pagecount' D:\phpStudy\WWW\newblog\Runtime\Cache\Home\455a6242d1c94ccc41106a388080363b.php 第 203 行.
NOTIC: [8] Use of undefined constant id - assumed 'id' D:\phpStudy\WWW\newblog\Runtime\Cache\Home\455a6242d1c94ccc41106a388080363b.php 第 207 行.
NOTIC: [8] Use of undefined constant pagecount - assumed 'pagecount' D:\phpStudy\WWW\newblog\Runtime\Cache\Home\455a6242d1c94ccc41106a388080363b.php 第 207 行.
NOTIC: [8] Use of undefined constant id - assumed 'id' D:\phpStudy\WWW\newblog\Runtime\Cache\Home\455a6242d1c94ccc41106a388080363b.php 第 209 行.
NOTIC: [8] Use of undefined constant id - assumed 'id' D:\phpStudy\WWW\newblog\Runtime\Cache\Home\455a6242d1c94ccc41106a388080363b.php 第 229 行.
NOTIC: [8] Use of undefined constant contentcomment - assumed 'contentcomment' D:\phpStudy\WWW\newblog\Runtime\Cache\Home\455a6242d1c94ccc41106a388080363b.php 第 173 行.
NOTIC: [8] Use of undefined constant id - assumed 'id' D:\phpStudy\WWW\newblog\Runtime\Cache\Home\455a6242d1c94ccc41106a388080363b.php 第 182 行.
NOTIC: [8] Use of undefined constant pagecount - assumed 'pagecount' D:\phpStudy\WWW\newblog\Runtime\Cache\Home\455a6242d1c94ccc41106a388080363b.php 第 196 行.
NOTIC: [8] Use of undefined constant pagecount - assumed 'pagecount' D:\phpStudy\WWW\newblog\Runtime\Cache\Home\455a6242d1c94ccc41106a388080363b.php 第 203 行.
NOTIC: [8] Use of undefined constant id - assumed 'id' D:\phpStudy\WWW\newblog\Runtime\Cache\Home\455a6242d1c94ccc41106a388080363b.php 第 207 行.
NOTIC: [8] Use of undefined constant pagecount - assumed 'pagecount' D:\phpStudy\WWW\newblog\Runtime\Cache\Home\455a6242d1c94ccc41106a388080363b.php 第 207 行.
NOTIC: [8] Use of undefined constant id - assumed 'id' D:\phpStudy\WWW\newblog\Runtime\Cache\Home\455a6242d1c94ccc41106a388080363b.php 第 209 行.
NOTIC: [8] Use of undefined constant id - assumed 'id' D:\phpStudy\WWW\newblog\Runtime\Cache\Home\455a6242d1c94ccc41106a388080363b.php 第 229 行.
INFO: Run Behavior\ParseTemplateBehavior [ RunTime:0.019002s ]
INFO: [ view_parse ] --END-- [ RunTime:0.019002s ]
INFO: [ view_filter ] --START--
INFO: Run Behavior\WriteHtmlCacheBehavior [ RunTime:0.001000s ]
INFO: [ view_filter ] --END-- [ RunTime:0.001000s ]
INFO: [ app_end ] --START--
INFO: Run Behavior\ShowPageTraceBehavior [ RunTime:0.001000s ]
INFO: [ app_end ] --END-- [ RunTime:0.002000s ]

[ 2015-12-17T16:06:22+08:00 ] ::1 /newblog/index.php/Home/Message/index.html
INFO: [ app_init ] --START--
INFO: Run Behavior\BuildLiteBehavior [ RunTime:0.000000s ]
INFO: [ app_init ] --END-- [ RunTime:0.000000s ]
INFO: [ app_begin ] --START--
INFO: Run Behavior\ReadHtmlCacheBehavior [ RunTime:0.010000s ]
INFO: [ app_begin ] --END-- [ RunTime:0.010000s ]
SQL: SHOW COLUMNS FROM `blog_message` [ RunTime:0.0000s ]
SQL: SHOW COLUMNS FROM `blog_comment` [ RunTime:0.0100s ]
SQL: SELECT COUNT(*) AS tp_count FROM `blog_message` WHERE ( status=1 ) LIMIT 1   [ RunTime:0.0000s ]
SQL: SELECT * FROM `blog_message` WHERE `status` = 1 LIMIT 0,3   [ RunTime:0.0000s ]
SQL: SELECT COUNT(*) AS tp_count FROM `blog_comment` WHERE `wid` = 13 LIMIT 1   [ RunTime:0.0000s ]
SQL: SELECT * FROM `blog_comment` WHERE `wid` = 13 LIMIT 1   [ RunTime:0.0000s ]
SQL: SELECT COUNT(*) AS tp_count FROM `blog_comment` WHERE `wid` = 14 LIMIT 1   [ RunTime:0.0000s ]
SQL: SELECT * FROM `blog_comment` WHERE `wid` = 14 LIMIT 1   [ RunTime:0.0000s ]
SQL: SELECT COUNT(*) AS tp_count FROM `blog_comment` WHERE `wid` = 16 LIMIT 1   [ RunTime:0.0000s ]
SQL: SELECT * FROM `blog_comment` WHERE `wid` = 16 LIMIT 1   [ RunTime:0.0000s ]
INFO: [ view_parse ] --START--
INFO: [ template_filter ] --START--
INFO: Run Behavior\ContentReplaceBehavior [ RunTime:0.000000s ]
INFO: [ template_filter ] --END-- [ RunTime:0.000000s ]
NOTIC: [8] Use of undefined constant contentcomment - assumed 'contentcomment' D:\phpStudy\WWW\newblog\Runtime\Cache\Home\455a6242d1c94ccc41106a388080363b.php 第 173 行.
NOTIC: [8] Use of undefined constant id - assumed 'id' D:\phpStudy\WWW\newblog\Runtime\Cache\Home\455a6242d1c94ccc41106a388080363b.php 第 182 行.
NOTIC: [8] Use of undefined constant pagecount - assumed 'pagecount' D:\phpStudy\WWW\newblog\Runtime\Cache\Home\455a6242d1c94ccc41106a388080363b.php 第 196 行.
NOTIC: [8] Use of undefined constant pagecount - assumed 'pagecount' D:\phpStudy\WWW\newblog\Runtime\Cache\Home\455a6242d1c94ccc41106a388080363b.php 第 203 行.
NOTIC: [8] Use of undefined constant id - assumed 'id' D:\phpStudy\WWW\newblog\Runtime\Cache\Home\455a6242d1c94ccc41106a388080363b.php 第 207 行.
NOTIC: [8] Use of undefined constant pagecount - assumed 'pagecount' D:\phpStudy\WWW\newblog\Runtime\Cache\Home\455a6242d1c94ccc41106a388080363b.php 第 207 行.
NOTIC: [8] Use of undefined constant id - assumed 'id' D:\phpStudy\WWW\newblog\Runtime\Cache\Home\455a6242d1c94ccc41106a388080363b.php 第 209 行.
NOTIC: [8] Use of undefined constant id - assumed 'id' D:\phpStudy\WWW\newblog\Runtime\Cache\Home\455a6242d1c94ccc41106a388080363b.php 第 229 行.
NOTIC: [8] Use of undefined constant contentcomment - assumed 'contentcomment' D:\phpStudy\WWW\newblog\Runtime\Cache\Home\455a6242d1c94ccc41106a388080363b.php 第 173 行.
NOTIC: [8] Use of undefined constant id - assumed 'id' D:\phpStudy\WWW\newblog\Runtime\Cache\Home\455a6242d1c94ccc41106a388080363b.php 第 182 行.
NOTIC: [8] Use of undefined constant pagecount - assumed 'pagecount' D:\phpStudy\WWW\newblog\Runtime\Cache\Home\455a6242d1c94ccc41106a388080363b.php 第 196 行.
NOTIC: [8] Use of undefined constant pagecount - assumed 'pagecount' D:\phpStudy\WWW\newblog\Runtime\Cache\Home\455a6242d1c94ccc41106a388080363b.php 第 203 行.
NOTIC: [8] Use of undefined constant id - assumed 'id' D:\phpStudy\WWW\newblog\Runtime\Cache\Home\455a6242d1c94ccc41106a388080363b.php 第 207 行.
NOTIC: [8] Use of undefined constant pagecount - assumed 'pagecount' D:\phpStudy\WWW\newblog\Runtime\Cache\Home\455a6242d1c94ccc41106a388080363b.php 第 207 行.
NOTIC: [8] Use of undefined constant id - assumed 'id' D:\phpStudy\WWW\newblog\Runtime\Cache\Home\455a6242d1c94ccc41106a388080363b.php 第 209 行.
NOTIC: [8] Use of undefined constant id - assumed 'id' D:\phpStudy\WWW\newblog\Runtime\Cache\Home\455a6242d1c94ccc41106a388080363b.php 第 229 行.
NOTIC: [8] Use of undefined constant contentcomment - assumed 'contentcomment' D:\phpStudy\WWW\newblog\Runtime\Cache\Home\455a6242d1c94ccc41106a388080363b.php 第 173 行.
NOTIC: [8] Use of undefined constant id - assumed 'id' D:\phpStudy\WWW\newblog\Runtime\Cache\Home\455a6242d1c94ccc41106a388080363b.php 第 182 行.
NOTIC: [8] Use of undefined constant pagecount - assumed 'pagecount' D:\phpStudy\WWW\newblog\Runtime\Cache\Home\455a6242d1c94ccc41106a388080363b.php 第 196 行.
NOTIC: [8] Use of undefined constant pagecount - assumed 'pagecount' D:\phpStudy\WWW\newblog\Runtime\Cache\Home\455a6242d1c94ccc41106a388080363b.php 第 203 行.
NOTIC: [8] Use of undefined constant id - assumed 'id' D:\phpStudy\WWW\newblog\Runtime\Cache\Home\455a6242d1c94ccc41106a388080363b.php 第 207 行.
NOTIC: [8] Use of undefined constant pagecount - assumed 'pagecount' D:\phpStudy\WWW\newblog\Runtime\Cache\Home\455a6242d1c94ccc41106a388080363b.php 第 207 行.
NOTIC: [8] Use of undefined constant id - assumed 'id' D:\phpStudy\WWW\newblog\Runtime\Cache\Home\455a6242d1c94ccc41106a388080363b.php 第 209 行.
NOTIC: [8] Use of undefined constant id - assumed 'id' D:\phpStudy\WWW\newblog\Runtime\Cache\Home\455a6242d1c94ccc41106a388080363b.php 第 229 行.
INFO: Run Behavior\ParseTemplateBehavior [ RunTime:0.027000s ]
INFO: [ view_parse ] --END-- [ RunTime:0.027000s ]
INFO: [ view_filter ] --START--
INFO: Run Behavior\WriteHtmlCacheBehavior [ RunTime:0.002001s ]
INFO: [ view_filter ] --END-- [ RunTime:0.002001s ]
INFO: [ app_end ] --START--
INFO: Run Behavior\ShowPageTraceBehavior [ RunTime:0.002000s ]
INFO: [ app_end ] --END-- [ RunTime:0.002000s ]

